Log file open, 12/12/22 05:47:42
LogWindows: Failed to load 'aqProf.dll' (GetLastError=126)
LogWindows: File 'aqProf.dll' does not exist
LogWindows: Failed to load 'VtuneApi.dll' (GetLastError=126)
LogWindows: File 'VtuneApi.dll' does not exist
LogWindows: Failed to load 'VtuneApi32e.dll' (GetLastError=126)
LogWindows: File 'VtuneApi32e.dll' does not exist
LogConsoleResponse: Display: Failed to find resolution value strings in scalability ini. Falling back to default.
LogConsoleResponse: Display: Failed to find resolution value strings in scalability ini. Falling back to default.
LogInit: Display: Running engine for game: CTSG
LogPlatformFile: Not using cached read wrapper
LogTaskGraph: Started task graph with 5 named threads and 35 total threads with 3 sets of task threads.
LogStats: Stats thread started at 0.185802
LogICUInternationalization: ICU TimeZone Detection - Raw Offset: +7:00, Platform Override: ''
LogInit: Display: Loading text-based GConfig....
LogPluginManager: Mounting plugin MeshPainting
LogPluginManager: Mounting plugin XGEController
LogPluginManager: Mounting plugin Paper2D
LogPluginManager: Mounting plugin AISupport
LogPluginManager: Mounting plugin EnvironmentQueryEditor
LogPluginManager: Mounting plugin LiveLink
LogPluginManager: Mounting plugin OodleData
LogPluginManager: Mounting plugin CameraShakePreviewer
LogPluginManager: Mounting plugin OodleNetwork
LogPluginManager: Mounting plugin GameplayCameras
LogPluginManager: Mounting plugin LightPropagationVolume
LogPluginManager: Mounting plugin AssetManagerEditor
LogPluginManager: Mounting plugin CryptoKeys
LogPluginManager: Mounting plugin CurveEditorTools
LogPluginManager: Mounting plugin DataValidation
LogPluginManager: Mounting plugin FacialAnimation
LogPluginManager: Mounting plugin GameplayTagsEditor
LogPluginManager: Mounting plugin GeometryMode
LogPluginManager: Mounting plugin AnimationSharing
LogPluginManager: Mounting plugin MaterialAnalyzer
LogPluginManager: Mounting plugin MacGraphicsSwitching
LogPluginManager: Mounting plugin CLionSourceCodeAccess
LogPluginManager: Mounting plugin MobileLauncherProfileWizard
LogPluginManager: Mounting plugin PluginBrowser
LogPluginManager: Mounting plugin CodeLiteSourceCodeAccess
LogPluginManager: Mounting plugin SpeedTreeImporter
LogPluginManager: Mounting plugin KDevelopSourceCodeAccess
LogPluginManager: Mounting plugin GitSourceControl
LogPluginManager: Mounting plugin NullSourceCodeAccess
LogPluginManager: Mounting plugin PixWinPlugin
LogPluginManager: Mounting plugin PerforceSourceControl
LogPluginManager: Mounting plugin PlasticSourceControl
LogPluginManager: Mounting plugin PluginUtils
LogPluginManager: Mounting plugin PropertyAccessNode
LogPluginManager: Mounting plugin RiderSourceCodeAccess
LogPluginManager: Mounting plugin SubversionSourceControl
LogPluginManager: Mounting plugin TextureFormatOodle
LogPluginManager: Mounting plugin AlembicImporter
LogPluginManager: Mounting plugin UObjectPlugin
LogPluginManager: Mounting plugin VisualStudioCodeSourceCodeAccess
LogPluginManager: Mounting plugin AutomationUtils
LogPluginManager: Mounting plugin XCodeSourceCodeAccess
LogPluginManager: Mounting plugin VisualStudioSourceCodeAccess
LogPluginManager: Mounting plugin BackChannel
LogPluginManager: Mounting plugin ChaosEditor
LogPluginManager: Mounting plugin ChaosCloth
LogPluginManager: Mounting plugin ChaosClothEditor
LogPluginManager: Mounting plugin ChaosSolverPlugin
LogPluginManager: Mounting plugin ChaosNiagara
LogPluginManager: Mounting plugin CharacterAI
LogPluginManager: Mounting plugin GeometryCache
LogPluginManager: Mounting plugin GeometryCollectionPlugin
LogPluginManager: Mounting plugin GeometryProcessing
LogPluginManager: Mounting plugin MotoSynth
LogPluginManager: Mounting plugin OpenImageDenoise
LogPluginManager: Mounting plugin PlanarCut
LogPluginManager: Mounting plugin PlatformCrypto
LogPluginManager: Mounting plugin ProxyLODPlugin
LogPluginManager: Mounting plugin PythonScriptPlugin
LogPluginManager: Mounting plugin SkeletalReduction
LogPluginManager: Mounting plugin DatasmithContent
LogPluginManager: Mounting plugin Niagara
LogPluginManager: Mounting plugin VariantManagerContent
LogPluginManager: Mounting plugin LuminPlatformFeatures
LogPluginManager: Mounting plugin MagicLeap
LogPluginManager: Mounting plugin MagicLeapLightEstimation
LogPluginManager: Mounting plugin MagicLeapMedia
LogPluginManager: Mounting plugin MagicLeapPassableWorld
LogPluginManager: Mounting plugin AndroidMedia
LogPluginManager: Mounting plugin AvfMedia
LogPluginManager: Mounting plugin MLSDK
LogPluginManager: Mounting plugin ImgMedia
LogPluginManager: Mounting plugin MediaCompositing
LogPluginManager: Mounting plugin MediaPlayerEditor
LogPluginManager: Mounting plugin WebMMedia
LogPluginManager: Mounting plugin WmfMedia
LogPluginManager: Mounting plugin UdpMessaging
LogPluginManager: Mounting plugin TcpMessaging
LogPluginManager: Mounting plugin ActorSequence
LogPluginManager: Mounting plugin LevelSequenceEditor
LogPluginManager: Mounting plugin MatineeToLevelSequence
LogPluginManager: Mounting plugin TemplateSequence
LogPluginManager: Mounting plugin OnlineSubsystem
LogPluginManager: Mounting plugin OnlineSubsystemNull
LogPluginManager: Mounting plugin OnlineSubsystemUtils
LogPluginManager: Mounting plugin LauncherChunkInstaller
LogPluginManager: Mounting plugin ActorLayerUtilities
LogPluginManager: Mounting plugin AndroidMoviePlayer
LogPluginManager: Mounting plugin AndroidDeviceProfileSelector
LogPluginManager: Mounting plugin AndroidPermission
LogPluginManager: Mounting plugin AppleMoviePlayer
LogPluginManager: Mounting plugin AppleImageUtils
LogPluginManager: Mounting plugin AssetTags
LogPluginManager: Mounting plugin AudioCapture
LogPluginManager: Mounting plugin ArchVisCharacter
LogPluginManager: Mounting plugin AudioSynesthesia
LogPluginManager: Mounting plugin CableComponent
LogPluginManager: Mounting plugin ChunkDownloader
LogPluginManager: Mounting plugin CustomMeshComponent
LogPluginManager: Mounting plugin EditableMesh
LogPluginManager: Mounting plugin ExampleDeviceProfileSelector
LogPluginManager: Mounting plugin GoogleCloudMessaging
LogPluginManager: Mounting plugin GooglePAD
LogPluginManager: Mounting plugin IOSDeviceProfileSelector
LogPluginManager: Mounting plugin LinuxDeviceProfileSelector
LogPluginManager: Mounting plugin LocationServicesBPLibrary
LogPluginManager: Mounting plugin MobilePatchingUtils
LogPluginManager: Mounting plugin OpenXR
LogPluginManager: Mounting plugin OpenXREyeTracker
LogPluginManager: Mounting plugin OpenXRHandTracking
LogPluginManager: Mounting plugin PhysXVehicles
LogPluginManager: Mounting plugin PostSplashScreen
LogPluginManager: Mounting plugin ProceduralMeshComponent
LogPluginManager: Mounting plugin PropertyAccessEditor
LogPluginManager: Mounting plugin RuntimePhysXCooking
LogPluginManager: Mounting plugin SignificanceManager
LogPluginManager: Mounting plugin SoundFields
LogPluginManager: Mounting plugin Synthesis
LogPluginManager: Mounting plugin WebMMoviePlayer
LogPluginManager: Mounting plugin WindowsMoviePlayer
LogPluginManager: Mounting plugin ScreenshotTools
LogPluginManager: Mounting plugin Takes
LogPluginManager: Mounting plugin ContentBrowserAssetDataSource
LogPluginManager: Mounting plugin ContentBrowserClassDataSource
LogPluginManager: Mounting plugin ContentBrowserFileDataSource
LogPluginManager: Mounting plugin OnlineSubsystemGooglePlay
LogPluginManager: Mounting plugin OnlineSubsystemIOS
LogPluginManager: Mounting plugin OculusVR
LogPluginManager: Mounting plugin SteamVR
PixWinPlugin: PIX capture plugin failed to initialize! Check that the process is launched from PIX.
LogInit: Using libcurl 7.55.1-DEV
LogInit:  - built for x86_64-pc-win32
LogInit:  - supports SSL with OpenSSL/1.1.1
LogInit:  - supports HTTP deflate (compression) using libz 1.2.8
LogInit:  - other features:
LogInit:      CURL_VERSION_SSL
LogInit:      CURL_VERSION_LIBZ
LogInit:      CURL_VERSION_IPV6
LogInit:      CURL_VERSION_ASYNCHDNS
LogInit:      CURL_VERSION_LARGEFILE
LogInit:      CURL_VERSION_IDN
LogInit:  CurlRequestOptions (configurable via config and command line):
LogInit:  - bVerifyPeer = true  - Libcurl will verify peer certificate
LogInit:  - bUseHttpProxy = false  - Libcurl will NOT use HTTP proxy
LogInit:  - bDontReuseConnections = false  - Libcurl will reuse connections
LogInit:  - MaxHostConnections = 16  - Libcurl will limit the number of connections to a host
LogInit:  - LocalHostAddr = Default
LogInit:  - BufferSize = 65536
LogOnline: OSS: Creating online subsystem instance for: NULL
LogInit: WinSock: version 1.1 (2.2), MaxSocks=32767, MaxUdp=65467
LogOnline: OSS: TryLoadSubsystemAndSetDefault: Loaded subsystem for module [NULL]
LogOculusPluginWrapper: OculusPlugin initialized successfully
LogHMD: Failed initializing OVRPlugin 1.59.0
LogInit: Build: ++UE4+Release-4.27-CL-18319896
LogInit: Engine Version: 4.27.2-18319896+++UE4+Release-4.27
LogInit: Compatible Engine Version: 4.27.0-17155196+++UE4+Release-4.27
LogInit: Net CL: 17155196
LogInit: OS: Windows 10 (Release 2009) (), CPU: AMD Ryzen 5 5600X 6-Core Processor             , GPU: NVIDIA GeForce RTX 2060
LogInit: Compiled (64-bit): Nov 30 2021 07:12:08
LogInit: Compiled with Visual C++: 19.24.28315.00
LogInit: Build Configuration: Development
LogInit: Branch Name: ++UE4+Release-4.27
LogInit: Command Line:  /Game/MapPJ/MainMenu -game -PIEVIACONSOLE -Multiprocess GameUserSettingsINI=D:/GH_CTSG/CTSG_Project/CTSG/Saved/Config/Windows/PIEGameUserSettings0.ini -MultiprocessSaveConfig -forcepassthrough -messaging -SessionName="Play in Standalone Game" -windowed -WinX=0 -WinY=24 SAVEWINPOS=1 -ResX=2550 -ResY=1358
LogInit: Base Directory: D:/UE_4.27/Engine/Binaries/Win64/
LogInit: Allocator: TBB
LogInit: Installed Engine Build: 1
LogDevObjectVersion: Number of dev versions registered: 29
LogDevObjectVersion:   Dev-Blueprints (B0D832E4-1F89-4F0D-ACCF-7EB736FD4AA2): 10
LogDevObjectVersion:   Dev-Build (E1C64328-A22C-4D53-A36C-8E866417BD8C): 0
LogDevObjectVersion:   Dev-Core (375EC13C-06E4-48FB-B500-84F0262A717E): 4
LogDevObjectVersion:   Dev-Editor (E4B068ED-F494-42E9-A231-DA0B2E46BB41): 40
LogDevObjectVersion:   Dev-Framework (CFFC743F-43B0-4480-9391-14DF171D2073): 37
LogDevObjectVersion:   Dev-Mobile (B02B49B5-BB20-44E9-A304-32B752E40360): 3
LogDevObjectVersion:   Dev-Networking (A4E4105C-59A1-49B5-A7C5-40C4547EDFEE): 0
LogDevObjectVersion:   Dev-Online (39C831C9-5AE6-47DC-9A44-9C173E1C8E7C): 0
LogDevObjectVersion:   Dev-Physics (78F01B33-EBEA-4F98-B9B4-84EACCB95AA2): 14
LogDevObjectVersion:   Dev-Platform (6631380F-2D4D-43E0-8009-CF276956A95A): 0
LogDevObjectVersion:   Dev-Rendering (12F88B9F-8875-4AFC-A67C-D90C383ABD29): 45
LogDevObjectVersion:   Dev-Sequencer (7B5AE74C-D270-4C10-A958-57980B212A5A): 13
LogDevObjectVersion:   Dev-VR (D7296918-1DD6-4BDD-9DE2-64A83CC13884): 3
LogDevObjectVersion:   Dev-LoadTimes (C2A15278-BFE7-4AFE-6C17-90FF531DF755): 1
LogDevObjectVersion:   Private-Geometry (6EACA3D4-40EC-4CC1-B786-8BED09428FC5): 3
LogDevObjectVersion:   Dev-AnimPhys (29E575DD-E0A3-4627-9D10-D276232CDCEA): 17
LogDevObjectVersion:   Dev-Anim (AF43A65D-7FD3-4947-9873-3E8ED9C1BB05): 15
LogDevObjectVersion:   Dev-ReflectionCapture (6B266CEC-1EC7-4B8F-A30B-E4D90942FC07): 1
LogDevObjectVersion:   Dev-Automation (0DF73D61-A23F-47EA-B727-89E90C41499A): 1
LogDevObjectVersion:   FortniteMain (601D1886-AC64-4F84-AA16-D3DE0DEAC7D6): 47
LogDevObjectVersion:   FortniteRelease (E7086368-6B23-4C58-8439-1B7016265E91): 1
LogDevObjectVersion:   Dev-Enterprise (9DFFBCD6-494F-0158-E221-12823C92A888): 10
LogDevObjectVersion:   Dev-Niagara (F2AED0AC-9AFE-416F-8664-AA7FFA26D6FC): 1
LogDevObjectVersion:   Dev-Destruction (174F1F0B-B4C6-45A5-B13F-2EE8D0FB917D): 10
LogDevObjectVersion:   Dev-Physics-Ext (35F94A83-E258-406C-A318-09F59610247C): 41
LogDevObjectVersion:   Dev-PhysicsMaterial-Chaos (B68FC16E-8B1B-42E2-B453-215C058844FE): 1
LogDevObjectVersion:   Dev-CineCamera (B2E18506-4273-CFC2-A54E-F4BB758BBA07): 1
LogDevObjectVersion:   Dev-VirtualProduction (64F58936-FD1B-42BA-BA96-7289D5D0FA4E): 1
LogDevObjectVersion:   Dev-MediaFramework (6F0ED827-A609-4895-9C91-998D90180EA4): 2
LogInit: Presizing for max 25165824 objects, including 0 objects not considered by GC, pre-allocating 0 bytes for permanent pool.
LogConfig: Applying CVar settings from Section [/Script/Engine.StreamingSettings] File [D:/GH_CTSG/CTSG_Project/CTSG/Saved/Config/Windows/Engine.ini]
LogConfig: Setting CVar [[s.MinBulkDataSizeForAsyncLoading:131072]]
LogConfig: Setting CVar [[s.AsyncLoadingThreadEnabled:0]]
LogConfig: Setting CVar [[s.EventDrivenLoaderEnabled:1]]
LogConfig: Setting CVar [[s.WarnIfTimeLimitExceeded:0]]
LogConfig: Setting CVar [[s.TimeLimitExceededMultiplier:1.5]]
LogConfig: Setting CVar [[s.TimeLimitExceededMinTime:0.005]]
LogConfig: Setting CVar [[s.UseBackgroundLevelStreaming:1]]
LogConfig: Setting CVar [[s.PriorityAsyncLoadingExtraTime:15.0]]
LogConfig: Setting CVar [[s.LevelStreamingActorsUpdateTimeLimit:5.0]]
LogConfig: Setting CVar [[s.PriorityLevelStreamingActorsUpdateExtraTime:5.0]]
LogConfig: Setting CVar [[s.LevelStreamingComponentsRegistrationGranularity:10]]
LogConfig: Setting CVar [[s.UnregisterComponentsTimeLimit:1.0]]
LogConfig: Setting CVar [[s.LevelStreamingComponentsUnregistrationGranularity:5]]
LogConfig: Setting CVar [[s.FlushStreamingOnExit:1]]
LogInit: Object subsystem initialized
LogConfig: Setting CVar [[con.DebugEarlyDefault:1]]
LogConfig: Setting CVar [[r.setres:1280x720]]
[2022.12.11-22.47.42:394][  0]LogConfig: Setting CVar [[con.DebugEarlyDefault:1]]
[2022.12.11-22.47.42:394][  0]LogConfig: Setting CVar [[r.setres:1280x720]]
[2022.12.11-22.47.42:394][  0]LogConfig: Applying CVar settings from Section [/Script/Engine.RendererSettings] File [D:/GH_CTSG/CTSG_Project/CTSG/Saved/Config/Windows/Engine.ini]
[2022.12.11-22.47.42:394][  0]LogConfig: Setting CVar [[r.GPUCrashDebugging:0]]
[2022.12.11-22.47.42:394][  0]LogConfig: Setting CVar [[r.TextureStreaming:0]]
[2022.12.11-22.47.42:394][  0]LogConfig: Applying CVar settings from Section [/Script/Engine.RendererOverrideSettings] File [D:/GH_CTSG/CTSG_Project/CTSG/Saved/Config/Windows/Engine.ini]
[2022.12.11-22.47.42:394][  0]LogConfig: Applying CVar settings from Section [/Script/Engine.StreamingSettings] File [D:/GH_CTSG/CTSG_Project/CTSG/Saved/Config/Windows/Engine.ini]
[2022.12.11-22.47.42:394][  0]LogConfig: Setting CVar [[s.MinBulkDataSizeForAsyncLoading:131072]]
[2022.12.11-22.47.42:394][  0]LogConfig: Setting CVar [[s.AsyncLoadingThreadEnabled:0]]
[2022.12.11-22.47.42:394][  0]LogConfig: Setting CVar [[s.EventDrivenLoaderEnabled:1]]
[2022.12.11-22.47.42:394][  0]LogConfig: Setting CVar [[s.WarnIfTimeLimitExceeded:0]]
[2022.12.11-22.47.42:394][  0]LogConfig: Setting CVar [[s.TimeLimitExceededMultiplier:1.5]]
[2022.12.11-22.47.42:394][  0]LogConfig: Setting CVar [[s.TimeLimitExceededMinTime:0.005]]
[2022.12.11-22.47.42:394][  0]LogConfig: Setting CVar [[s.UseBackgroundLevelStreaming:1]]
[2022.12.11-22.47.42:394][  0]LogConfig: Setting CVar [[s.PriorityAsyncLoadingExtraTime:15.0]]
[2022.12.11-22.47.42:394][  0]LogConfig: Setting CVar [[s.LevelStreamingActorsUpdateTimeLimit:5.0]]
[2022.12.11-22.47.42:394][  0]LogConfig: Setting CVar [[s.PriorityLevelStreamingActorsUpdateExtraTime:5.0]]
[2022.12.11-22.47.42:394][  0]LogConfig: Setting CVar [[s.LevelStreamingComponentsRegistrationGranularity:10]]
[2022.12.11-22.47.42:394][  0]LogConfig: Setting CVar [[s.UnregisterComponentsTimeLimit:1.0]]
[2022.12.11-22.47.42:394][  0]LogConfig: Setting CVar [[s.LevelStreamingComponentsUnregistrationGranularity:5]]
[2022.12.11-22.47.42:394][  0]LogConfig: Setting CVar [[s.FlushStreamingOnExit:1]]
[2022.12.11-22.47.42:394][  0]LogConfig: Applying CVar settings from Section [/Script/Engine.GarbageCollectionSettings] File [D:/GH_CTSG/CTSG_Project/CTSG/Saved/Config/Windows/Engine.ini]
[2022.12.11-22.47.42:394][  0]LogConfig: Setting CVar [[gc.MaxObjectsNotConsideredByGC:1]]
[2022.12.11-22.47.42:394][  0]LogConfig: Setting CVar [[gc.SizeOfPermanentObjectPool:0]]
[2022.12.11-22.47.42:394][  0]LogConfig: Setting CVar [[gc.FlushStreamingOnGC:0]]
[2022.12.11-22.47.42:394][  0]LogConfig: Setting CVar [[gc.NumRetriesBeforeForcingGC:10]]
[2022.12.11-22.47.42:394][  0]LogConfig: Setting CVar [[gc.AllowParallelGC:1]]
[2022.12.11-22.47.42:394][  0]LogConfig: Setting CVar [[gc.TimeBetweenPurgingPendingKillObjects:61.1]]
[2022.12.11-22.47.42:394][  0]LogConfig: Setting CVar [[gc.MaxObjectsInEditor:25165824]]
[2022.12.11-22.47.42:394][  0]LogConfig: Setting CVar [[gc.IncrementalBeginDestroyEnabled:1]]
[2022.12.11-22.47.42:394][  0]LogConfig: Setting CVar [[gc.CreateGCClusters:1]]
[2022.12.11-22.47.42:394][  0]LogConfig: Setting CVar [[gc.MinGCClusterSize:5]]
[2022.12.11-22.47.42:394][  0]LogConfig: Setting CVar [[gc.ActorClusteringEnabled:0]]
[2022.12.11-22.47.42:394][  0]LogConfig: Setting CVar [[gc.BlueprintClusteringEnabled:0]]
[2022.12.11-22.47.42:394][  0]LogConfig: Setting CVar [[gc.UseDisregardForGCOnDedicatedServers:0]]
[2022.12.11-22.47.42:394][  0]LogConfig: Setting CVar [[gc.MultithreadedDestructionEnabled:1]]
[2022.12.11-22.47.42:394][  0]LogConfig: Applying CVar settings from Section [/Script/Engine.NetworkSettings] File [D:/GH_CTSG/CTSG_Project/CTSG/Saved/Config/Windows/Engine.ini]
[2022.12.11-22.47.42:395][  0]LogConfig: Applying CVar settings from Section [/Script/UnrealEd.CookerSettings] File [D:/GH_CTSG/CTSG_Project/CTSG/Saved/Config/Windows/Engine.ini]
[2022.12.11-22.47.42:415][  0]LogConfig: Applying CVar settings from Section [ViewDistanceQuality@3] File [D:/GH_CTSG/CTSG_Project/CTSG/Saved/Config/Windows/Scalability.ini]
[2022.12.11-22.47.42:415][  0]LogConfig: Setting CVar [[r.SkeletalMeshLODBias:0]]
[2022.12.11-22.47.42:415][  0]LogConfig: Setting CVar [[r.ViewDistanceScale:1.0]]
[2022.12.11-22.47.42:415][  0]LogConfig: Applying CVar settings from Section [AntiAliasingQuality@3] File [D:/GH_CTSG/CTSG_Project/CTSG/Saved/Config/Windows/Scalability.ini]
[2022.12.11-22.47.42:416][  0]LogConfig: Setting CVar [[r.PostProcessAAQuality:4]]
[2022.12.11-22.47.42:416][  0]LogConfig: Applying CVar settings from Section [ShadowQuality@3] File [D:/GH_CTSG/CTSG_Project/CTSG/Saved/Config/Windows/Scalability.ini]
[2022.12.11-22.47.42:416][  0]LogConfig: Setting CVar [[r.LightFunctionQuality:1]]
[2022.12.11-22.47.42:416][  0]LogConfig: Setting CVar [[r.ShadowQuality:5]]
[2022.12.11-22.47.42:416][  0]LogConfig: Setting CVar [[r.Shadow.CSM.MaxCascades:10]]
[2022.12.11-22.47.42:416][  0]LogConfig: Setting CVar [[r.Shadow.MaxResolution:2048]]
[2022.12.11-22.47.42:416][  0]LogConfig: Setting CVar [[r.Shadow.MaxCSMResolution:2048]]
[2022.12.11-22.47.42:416][  0]LogConfig: Setting CVar [[r.Shadow.RadiusThreshold:0.01]]
[2022.12.11-22.47.42:416][  0]LogConfig: Setting CVar [[r.Shadow.DistanceScale:1.0]]
[2022.12.11-22.47.42:416][  0]LogConfig: Setting CVar [[r.Shadow.CSM.TransitionScale:1.0]]
[2022.12.11-22.47.42:416][  0]LogConfig: Setting CVar [[r.Shadow.PreShadowResolutionFactor:1.0]]
[2022.12.11-22.47.42:416][  0]LogConfig: Setting CVar [[r.DistanceFieldShadowing:1]]
[2022.12.11-22.47.42:416][  0]LogConfig: Setting CVar [[r.DistanceFieldAO:1]]
[2022.12.11-22.47.42:416][  0]LogConfig: Setting CVar [[r.AOQuality:2]]
[2022.12.11-22.47.42:416][  0]LogConfig: Setting CVar [[r.VolumetricFog:1]]
[2022.12.11-22.47.42:416][  0]LogConfig: Setting CVar [[r.VolumetricFog.GridPixelSize:8]]
[2022.12.11-22.47.42:416][  0]LogConfig: Setting CVar [[r.VolumetricFog.GridSizeZ:128]]
[2022.12.11-22.47.42:416][  0]LogConfig: Setting CVar [[r.VolumetricFog.HistoryMissSupersampleCount:4]]
[2022.12.11-22.47.42:416][  0]LogConfig: Setting CVar [[r.LightMaxDrawDistanceScale:1]]
[2022.12.11-22.47.42:416][  0]LogConfig: Setting CVar [[r.CapsuleShadows:1]]
[2022.12.11-22.47.42:416][  0]LogConfig: Applying CVar settings from Section [PostProcessQuality@3] File [D:/GH_CTSG/CTSG_Project/CTSG/Saved/Config/Windows/Scalability.ini]
[2022.12.11-22.47.42:416][  0]LogConfig: Setting CVar [[r.MotionBlurQuality:4]]
[2022.12.11-22.47.42:416][  0]LogConfig: Setting CVar [[r.AmbientOcclusionMipLevelFactor:0.4]]
[2022.12.11-22.47.42:416][  0]LogConfig: Setting CVar [[r.AmbientOcclusionMaxQuality:100]]
[2022.12.11-22.47.42:416][  0]LogConfig: Setting CVar [[r.AmbientOcclusionLevels:-1]]
[2022.12.11-22.47.42:416][  0]LogConfig: Setting CVar [[r.AmbientOcclusionRadiusScale:1.0]]
[2022.12.11-22.47.42:416][  0]LogConfig: Setting CVar [[r.DepthOfFieldQuality:2]]
[2022.12.11-22.47.42:416][  0]LogConfig: Setting CVar [[r.RenderTargetPoolMin:400]]
[2022.12.11-22.47.42:416][  0]LogConfig: Setting CVar [[r.LensFlareQuality:2]]
[2022.12.11-22.47.42:416][  0]LogConfig: Setting CVar [[r.SceneColorFringeQuality:1]]
[2022.12.11-22.47.42:416][  0]LogConfig: Setting CVar [[r.EyeAdaptationQuality:2]]
[2022.12.11-22.47.42:416][  0]LogConfig: Setting CVar [[r.BloomQuality:5]]
[2022.12.11-22.47.42:416][  0]LogConfig: Setting CVar [[r.FastBlurThreshold:100]]
[2022.12.11-22.47.42:416][  0]LogConfig: Setting CVar [[r.Upscale.Quality:3]]
[2022.12.11-22.47.42:416][  0]LogConfig: Setting CVar [[r.Tonemapper.GrainQuantization:1]]
[2022.12.11-22.47.42:416][  0]LogConfig: Setting CVar [[r.LightShaftQuality:1]]
[2022.12.11-22.47.42:416][  0]LogConfig: Setting CVar [[r.Filter.SizeScale:1]]
[2022.12.11-22.47.42:416][  0]LogConfig: Setting CVar [[r.Tonemapper.Quality:5]]
[2022.12.11-22.47.42:416][  0]LogConfig: Setting CVar [[r.DOF.Gather.AccumulatorQuality:1        ; higher gathering accumulator quality]]
[2022.12.11-22.47.42:416][  0]LogConfig: Setting CVar [[r.DOF.Gather.PostfilterMethod:1          ; Median3x3 postfilering method]]
[2022.12.11-22.47.42:416][  0]LogConfig: Setting CVar [[r.DOF.Gather.EnableBokehSettings:0       ; no bokeh simulation when gathering]]
[2022.12.11-22.47.42:416][  0]LogConfig: Setting CVar [[r.DOF.Gather.RingCount:4                 ; medium number of samples when gathering]]
[2022.12.11-22.47.42:416][  0]LogConfig: Setting CVar [[r.DOF.Scatter.ForegroundCompositing:1    ; additive foreground scattering]]
[2022.12.11-22.47.42:416][  0]LogConfig: Setting CVar [[r.DOF.Scatter.BackgroundCompositing:2    ; additive background scattering]]
[2022.12.11-22.47.42:416][  0]LogConfig: Setting CVar [[r.DOF.Scatter.EnableBokehSettings:1      ; bokeh simulation when scattering]]
[2022.12.11-22.47.42:416][  0]LogConfig: Setting CVar [[r.DOF.Scatter.MaxSpriteRatio:0.1         ; only a maximum of 10% of scattered bokeh]]
[2022.12.11-22.47.42:416][  0]LogConfig: Setting CVar [[r.DOF.Recombine.Quality:1                ; cheap slight out of focus]]
[2022.12.11-22.47.42:416][  0]LogConfig: Setting CVar [[r.DOF.Recombine.EnableBokehSettings:0    ; no bokeh simulation on slight out of focus]]
[2022.12.11-22.47.42:416][  0]LogConfig: Setting CVar [[r.DOF.TemporalAAQuality:1                ; more stable temporal accumulation]]
[2022.12.11-22.47.42:416][  0]LogConfig: Setting CVar [[r.DOF.Kernel.MaxForegroundRadius:0.025]]
[2022.12.11-22.47.42:416][  0]LogConfig: Setting CVar [[r.DOF.Kernel.MaxBackgroundRadius:0.025]]
[2022.12.11-22.47.42:416][  0]LogConfig: Applying CVar settings from Section [TextureQuality@3] File [D:/GH_CTSG/CTSG_Project/CTSG/Saved/Config/Windows/Scalability.ini]
[2022.12.11-22.47.42:416][  0]LogConfig: Setting CVar [[r.Streaming.MipBias:0]]
[2022.12.11-22.47.42:416][  0]LogConfig: Setting CVar [[r.Streaming.AmortizeCPUToGPUCopy:0]]
[2022.12.11-22.47.42:416][  0]LogConfig: Setting CVar [[r.Streaming.MaxNumTexturesToStreamPerFrame:0]]
[2022.12.11-22.47.42:416][  0]LogConfig: Setting CVar [[r.Streaming.Boost:1]]
[2022.12.11-22.47.42:416][  0]LogConfig: Setting CVar [[r.MaxAnisotropy:8]]
[2022.12.11-22.47.42:416][  0]LogConfig: Setting CVar [[r.VT.MaxAnisotropy:8]]
[2022.12.11-22.47.42:416][  0]LogConfig: Setting CVar [[r.Streaming.LimitPoolSizeToVRAM:0]]
[2022.12.11-22.47.42:416][  0]LogConfig: Setting CVar [[r.Streaming.PoolSize:1000]]
[2022.12.11-22.47.42:416][  0]LogConfig: Setting CVar [[r.Streaming.MaxEffectiveScreenSize:0]]
[2022.12.11-22.47.42:416][  0]LogConfig: Applying CVar settings from Section [EffectsQuality@3] File [D:/GH_CTSG/CTSG_Project/CTSG/Saved/Config/Windows/Scalability.ini]
[2022.12.11-22.47.42:416][  0]LogConfig: Setting CVar [[r.TranslucencyLightingVolumeDim:64]]
[2022.12.11-22.47.42:416][  0]LogConfig: Setting CVar [[r.RefractionQuality:2]]
[2022.12.11-22.47.42:416][  0]LogConfig: Setting CVar [[r.SSR.Quality:3]]
[2022.12.11-22.47.42:416][  0]LogConfig: Setting CVar [[r.SSR.HalfResSceneColor:0]]
[2022.12.11-22.47.42:416][  0]LogConfig: Setting CVar [[r.SceneColorFormat:4]]
[2022.12.11-22.47.42:416][  0]LogConfig: Setting CVar [[r.DetailMode:2]]
[2022.12.11-22.47.42:416][  0]LogConfig: Setting CVar [[r.TranslucencyVolumeBlur:1]]
[2022.12.11-22.47.42:416][  0]LogConfig: Setting CVar [[r.MaterialQualityLevel:1 ; High quality]]
[2022.12.11-22.47.42:416][  0]LogConfig: Setting CVar [[r.AnisotropicMaterials:1]]
[2022.12.11-22.47.42:416][  0]LogConfig: Setting CVar [[r.SSS.Scale:1]]
[2022.12.11-22.47.42:416][  0]LogConfig: Setting CVar [[r.SSS.SampleSet:2]]
[2022.12.11-22.47.42:416][  0]LogConfig: Setting CVar [[r.SSS.Quality:1]]
[2022.12.11-22.47.42:416][  0]LogConfig: Setting CVar [[r.SSS.HalfRes:0]]
[2022.12.11-22.47.42:416][  0]LogConfig: Setting CVar [[r.SSGI.Quality:3]]
[2022.12.11-22.47.42:416][  0]LogConfig: Setting CVar [[r.EmitterSpawnRateScale:1.0]]
[2022.12.11-22.47.42:416][  0]LogConfig: Setting CVar [[r.ParticleLightQuality:2]]
[2022.12.11-22.47.42:416][  0]LogConfig: Setting CVar [[r.SkyAtmosphere.AerialPerspectiveLUT.FastApplyOnOpaque:1 ; Always have FastSkyLUT 1 in this case to avoid wrong sky]]
[2022.12.11-22.47.42:416][  0]LogConfig: Setting CVar [[r.SkyAtmosphere.AerialPerspectiveLUT.SampleCountMaxPerSlice:4]]
[2022.12.11-22.47.42:416][  0]LogConfig: Setting CVar [[r.SkyAtmosphere.AerialPerspectiveLUT.DepthResolution:16.0]]
[2022.12.11-22.47.42:416][  0]LogConfig: Setting CVar [[r.SkyAtmosphere.FastSkyLUT:1]]
[2022.12.11-22.47.42:416][  0]LogConfig: Setting CVar [[r.SkyAtmosphere.FastSkyLUT.SampleCountMin:4.0]]
[2022.12.11-22.47.42:416][  0]LogConfig: Setting CVar [[r.SkyAtmosphere.FastSkyLUT.SampleCountMax:128.0]]
[2022.12.11-22.47.42:416][  0]LogConfig: Setting CVar [[r.SkyAtmosphere.SampleCountMin:4.0]]
[2022.12.11-22.47.42:416][  0]LogConfig: Setting CVar [[r.SkyAtmosphere.SampleCountMax:128.0]]
[2022.12.11-22.47.42:416][  0]LogConfig: Setting CVar [[r.SkyAtmosphere.TransmittanceLUT.UseSmallFormat:0]]
[2022.12.11-22.47.42:416][  0]LogConfig: Setting CVar [[r.SkyAtmosphere.TransmittanceLUT.SampleCount:10.0]]
[2022.12.11-22.47.42:416][  0]LogConfig: Setting CVar [[r.SkyAtmosphere.MultiScatteringLUT.SampleCount:15.0]]
[2022.12.11-22.47.42:416][  0]LogConfig: Setting CVar [[r.SkyLight.RealTimeReflectionCapture:1]]
[2022.12.11-22.47.42:416][  0]LogConfig: Applying CVar settings from Section [FoliageQuality@3] File [D:/GH_CTSG/CTSG_Project/CTSG/Saved/Config/Windows/Scalability.ini]
[2022.12.11-22.47.42:416][  0]LogConfig: Setting CVar [[foliage.DensityScale:1.0]]
[2022.12.11-22.47.42:416][  0]LogConfig: Setting CVar [[grass.DensityScale:1.0]]
[2022.12.11-22.47.42:416][  0]LogConfig: Applying CVar settings from Section [ShadingQuality@3] File [D:/GH_CTSG/CTSG_Project/CTSG/Saved/Config/Windows/Scalability.ini]
[2022.12.11-22.47.42:416][  0]LogConfig: Setting CVar [[r.HairStrands.SkyLighting.IntegrationType:2]]
[2022.12.11-22.47.42:416][  0]LogConfig: Setting CVar [[r.HairStrands.SkyAO.SampleCount:4]]
[2022.12.11-22.47.42:416][  0]LogConfig: Setting CVar [[r.HairStrands.Visibility.MSAA.SamplePerPixel:4]]
[2022.12.11-22.47.42:416][  0]LogInit: Selected Device Profile: [Windows]
[2022.12.11-22.47.42:416][  0]LogInit: Applying CVar settings loaded from the selected device profile: [Windows]
[2022.12.11-22.47.42:416][  0]LogHAL: Display: Platform has ~ 16 GB [17089064960 / 17179869184 / 16], which maps to Larger [LargestMinGB=32, LargerMinGB=12, DefaultMinGB=8, SmallerMinGB=6, SmallestMinGB=0)
[2022.12.11-22.47.42:416][  0]LogInit: Going up to parent DeviceProfile []
[2022.12.11-22.47.42:416][  0]LogConfig: Applying CVar settings from Section [ViewDistanceQuality@3] File [D:/GH_CTSG/CTSG_Project/CTSG/Saved/Config/Windows/Scalability.ini]
[2022.12.11-22.47.42:416][  0]LogConfig: Setting CVar [[r.SkeletalMeshLODBias:0]]
[2022.12.11-22.47.42:416][  0]LogConfig: Setting CVar [[r.ViewDistanceScale:1.0]]
[2022.12.11-22.47.42:416][  0]LogConfig: Applying CVar settings from Section [AntiAliasingQuality@3] File [D:/GH_CTSG/CTSG_Project/CTSG/Saved/Config/Windows/Scalability.ini]
[2022.12.11-22.47.42:416][  0]LogConfig: Setting CVar [[r.PostProcessAAQuality:4]]
[2022.12.11-22.47.42:416][  0]LogConfig: Applying CVar settings from Section [ShadowQuality@3] File [D:/GH_CTSG/CTSG_Project/CTSG/Saved/Config/Windows/Scalability.ini]
[2022.12.11-22.47.42:416][  0]LogConfig: Setting CVar [[r.LightFunctionQuality:1]]
[2022.12.11-22.47.42:416][  0]LogConfig: Setting CVar [[r.ShadowQuality:5]]
[2022.12.11-22.47.42:416][  0]LogConfig: Setting CVar [[r.Shadow.CSM.MaxCascades:10]]
[2022.12.11-22.47.42:416][  0]LogConfig: Setting CVar [[r.Shadow.MaxResolution:2048]]
[2022.12.11-22.47.42:416][  0]LogConfig: Setting CVar [[r.Shadow.MaxCSMResolution:2048]]
[2022.12.11-22.47.42:416][  0]LogConfig: Setting CVar [[r.Shadow.RadiusThreshold:0.01]]
[2022.12.11-22.47.42:416][  0]LogConfig: Setting CVar [[r.Shadow.DistanceScale:1.0]]
[2022.12.11-22.47.42:416][  0]LogConfig: Setting CVar [[r.Shadow.CSM.TransitionScale:1.0]]
[2022.12.11-22.47.42:416][  0]LogConfig: Setting CVar [[r.Shadow.PreShadowResolutionFactor:1.0]]
[2022.12.11-22.47.42:416][  0]LogConfig: Setting CVar [[r.DistanceFieldShadowing:1]]
[2022.12.11-22.47.42:416][  0]LogConfig: Setting CVar [[r.DistanceFieldAO:1]]
[2022.12.11-22.47.42:417][  0]LogConfig: Setting CVar [[r.AOQuality:2]]
[2022.12.11-22.47.42:417][  0]LogConfig: Setting CVar [[r.VolumetricFog:1]]
[2022.12.11-22.47.42:417][  0]LogConfig: Setting CVar [[r.VolumetricFog.GridPixelSize:8]]
[2022.12.11-22.47.42:417][  0]LogConfig: Setting CVar [[r.VolumetricFog.GridSizeZ:128]]
[2022.12.11-22.47.42:417][  0]LogConfig: Setting CVar [[r.VolumetricFog.HistoryMissSupersampleCount:4]]
[2022.12.11-22.47.42:417][  0]LogConfig: Setting CVar [[r.LightMaxDrawDistanceScale:1]]
[2022.12.11-22.47.42:417][  0]LogConfig: Setting CVar [[r.CapsuleShadows:1]]
[2022.12.11-22.47.42:417][  0]LogConfig: Applying CVar settings from Section [PostProcessQuality@3] File [D:/GH_CTSG/CTSG_Project/CTSG/Saved/Config/Windows/Scalability.ini]
[2022.12.11-22.47.42:417][  0]LogConfig: Setting CVar [[r.MotionBlurQuality:4]]
[2022.12.11-22.47.42:417][  0]LogConfig: Setting CVar [[r.AmbientOcclusionMipLevelFactor:0.4]]
[2022.12.11-22.47.42:417][  0]LogConfig: Setting CVar [[r.AmbientOcclusionMaxQuality:100]]
[2022.12.11-22.47.42:417][  0]LogConfig: Setting CVar [[r.AmbientOcclusionLevels:-1]]
[2022.12.11-22.47.42:417][  0]LogConfig: Setting CVar [[r.AmbientOcclusionRadiusScale:1.0]]
[2022.12.11-22.47.42:417][  0]LogConfig: Setting CVar [[r.DepthOfFieldQuality:2]]
[2022.12.11-22.47.42:417][  0]LogConfig: Setting CVar [[r.RenderTargetPoolMin:400]]
[2022.12.11-22.47.42:417][  0]LogConfig: Setting CVar [[r.LensFlareQuality:2]]
[2022.12.11-22.47.42:417][  0]LogConfig: Setting CVar [[r.SceneColorFringeQuality:1]]
[2022.12.11-22.47.42:417][  0]LogConfig: Setting CVar [[r.EyeAdaptationQuality:2]]
[2022.12.11-22.47.42:417][  0]LogConfig: Setting CVar [[r.BloomQuality:5]]
[2022.12.11-22.47.42:417][  0]LogConfig: Setting CVar [[r.FastBlurThreshold:100]]
[2022.12.11-22.47.42:417][  0]LogConfig: Setting CVar [[r.Upscale.Quality:3]]
[2022.12.11-22.47.42:417][  0]LogConfig: Setting CVar [[r.Tonemapper.GrainQuantization:1]]
[2022.12.11-22.47.42:417][  0]LogConfig: Setting CVar [[r.LightShaftQuality:1]]
[2022.12.11-22.47.42:417][  0]LogConfig: Setting CVar [[r.Filter.SizeScale:1]]
[2022.12.11-22.47.42:417][  0]LogConfig: Setting CVar [[r.Tonemapper.Quality:5]]
[2022.12.11-22.47.42:417][  0]LogConfig: Setting CVar [[r.DOF.Gather.AccumulatorQuality:1        ; higher gathering accumulator quality]]
[2022.12.11-22.47.42:417][  0]LogConfig: Setting CVar [[r.DOF.Gather.PostfilterMethod:1          ; Median3x3 postfilering method]]
[2022.12.11-22.47.42:417][  0]LogConfig: Setting CVar [[r.DOF.Gather.EnableBokehSettings:0       ; no bokeh simulation when gathering]]
[2022.12.11-22.47.42:417][  0]LogConfig: Setting CVar [[r.DOF.Gather.RingCount:4                 ; medium number of samples when gathering]]
[2022.12.11-22.47.42:417][  0]LogConfig: Setting CVar [[r.DOF.Scatter.ForegroundCompositing:1    ; additive foreground scattering]]
[2022.12.11-22.47.42:417][  0]LogConfig: Setting CVar [[r.DOF.Scatter.BackgroundCompositing:2    ; additive background scattering]]
[2022.12.11-22.47.42:417][  0]LogConfig: Setting CVar [[r.DOF.Scatter.EnableBokehSettings:1      ; bokeh simulation when scattering]]
[2022.12.11-22.47.42:417][  0]LogConfig: Setting CVar [[r.DOF.Scatter.MaxSpriteRatio:0.1         ; only a maximum of 10% of scattered bokeh]]
[2022.12.11-22.47.42:417][  0]LogConfig: Setting CVar [[r.DOF.Recombine.Quality:1                ; cheap slight out of focus]]
[2022.12.11-22.47.42:417][  0]LogConfig: Setting CVar [[r.DOF.Recombine.EnableBokehSettings:0    ; no bokeh simulation on slight out of focus]]
[2022.12.11-22.47.42:417][  0]LogConfig: Setting CVar [[r.DOF.TemporalAAQuality:1                ; more stable temporal accumulation]]
[2022.12.11-22.47.42:417][  0]LogConfig: Setting CVar [[r.DOF.Kernel.MaxForegroundRadius:0.025]]
[2022.12.11-22.47.42:417][  0]LogConfig: Setting CVar [[r.DOF.Kernel.MaxBackgroundRadius:0.025]]
[2022.12.11-22.47.42:417][  0]LogConfig: Applying CVar settings from Section [TextureQuality@3] File [D:/GH_CTSG/CTSG_Project/CTSG/Saved/Config/Windows/Scalability.ini]
[2022.12.11-22.47.42:417][  0]LogConfig: Setting CVar [[r.Streaming.MipBias:0]]
[2022.12.11-22.47.42:417][  0]LogConfig: Setting CVar [[r.Streaming.AmortizeCPUToGPUCopy:0]]
[2022.12.11-22.47.42:417][  0]LogConfig: Setting CVar [[r.Streaming.MaxNumTexturesToStreamPerFrame:0]]
[2022.12.11-22.47.42:417][  0]LogConfig: Setting CVar [[r.Streaming.Boost:1]]
[2022.12.11-22.47.42:417][  0]LogConfig: Setting CVar [[r.MaxAnisotropy:8]]
[2022.12.11-22.47.42:417][  0]LogConfig: Setting CVar [[r.VT.MaxAnisotropy:8]]
[2022.12.11-22.47.42:417][  0]LogConfig: Setting CVar [[r.Streaming.LimitPoolSizeToVRAM:0]]
[2022.12.11-22.47.42:417][  0]LogConfig: Setting CVar [[r.Streaming.PoolSize:1000]]
[2022.12.11-22.47.42:417][  0]LogConfig: Setting CVar [[r.Streaming.MaxEffectiveScreenSize:0]]
[2022.12.11-22.47.42:417][  0]LogConfig: Applying CVar settings from Section [EffectsQuality@3] File [D:/GH_CTSG/CTSG_Project/CTSG/Saved/Config/Windows/Scalability.ini]
[2022.12.11-22.47.42:417][  0]LogConfig: Setting CVar [[r.TranslucencyLightingVolumeDim:64]]
[2022.12.11-22.47.42:417][  0]LogConfig: Setting CVar [[r.RefractionQuality:2]]
[2022.12.11-22.47.42:417][  0]LogConfig: Setting CVar [[r.SSR.Quality:3]]
[2022.12.11-22.47.42:417][  0]LogConfig: Setting CVar [[r.SSR.HalfResSceneColor:0]]
[2022.12.11-22.47.42:417][  0]LogConfig: Setting CVar [[r.SceneColorFormat:4]]
[2022.12.11-22.47.42:417][  0]LogConfig: Setting CVar [[r.DetailMode:2]]
[2022.12.11-22.47.42:417][  0]LogConfig: Setting CVar [[r.TranslucencyVolumeBlur:1]]
[2022.12.11-22.47.42:417][  0]LogConfig: Setting CVar [[r.MaterialQualityLevel:1 ; High quality]]
[2022.12.11-22.47.42:417][  0]LogConfig: Setting CVar [[r.AnisotropicMaterials:1]]
[2022.12.11-22.47.42:417][  0]LogConfig: Setting CVar [[r.SSS.Scale:1]]
[2022.12.11-22.47.42:417][  0]LogConfig: Setting CVar [[r.SSS.SampleSet:2]]
[2022.12.11-22.47.42:417][  0]LogConfig: Setting CVar [[r.SSS.Quality:1]]
[2022.12.11-22.47.42:417][  0]LogConfig: Setting CVar [[r.SSS.HalfRes:0]]
[2022.12.11-22.47.42:417][  0]LogConfig: Setting CVar [[r.SSGI.Quality:3]]
[2022.12.11-22.47.42:417][  0]LogConfig: Setting CVar [[r.EmitterSpawnRateScale:1.0]]
[2022.12.11-22.47.42:417][  0]LogConfig: Setting CVar [[r.ParticleLightQuality:2]]
[2022.12.11-22.47.42:417][  0]LogConfig: Setting CVar [[r.SkyAtmosphere.AerialPerspectiveLUT.FastApplyOnOpaque:1 ; Always have FastSkyLUT 1 in this case to avoid wrong sky]]
[2022.12.11-22.47.42:417][  0]LogConfig: Setting CVar [[r.SkyAtmosphere.AerialPerspectiveLUT.SampleCountMaxPerSlice:4]]
[2022.12.11-22.47.42:417][  0]LogConfig: Setting CVar [[r.SkyAtmosphere.AerialPerspectiveLUT.DepthResolution:16.0]]
[2022.12.11-22.47.42:417][  0]LogConfig: Setting CVar [[r.SkyAtmosphere.FastSkyLUT:1]]
[2022.12.11-22.47.42:417][  0]LogConfig: Setting CVar [[r.SkyAtmosphere.FastSkyLUT.SampleCountMin:4.0]]
[2022.12.11-22.47.42:417][  0]LogConfig: Setting CVar [[r.SkyAtmosphere.FastSkyLUT.SampleCountMax:128.0]]
[2022.12.11-22.47.42:417][  0]LogConfig: Setting CVar [[r.SkyAtmosphere.SampleCountMin:4.0]]
[2022.12.11-22.47.42:417][  0]LogConfig: Setting CVar [[r.SkyAtmosphere.SampleCountMax:128.0]]
[2022.12.11-22.47.42:417][  0]LogConfig: Setting CVar [[r.SkyAtmosphere.TransmittanceLUT.UseSmallFormat:0]]
[2022.12.11-22.47.42:417][  0]LogConfig: Setting CVar [[r.SkyAtmosphere.TransmittanceLUT.SampleCount:10.0]]
[2022.12.11-22.47.42:417][  0]LogConfig: Setting CVar [[r.SkyAtmosphere.MultiScatteringLUT.SampleCount:15.0]]
[2022.12.11-22.47.42:417][  0]LogConfig: Setting CVar [[r.SkyLight.RealTimeReflectionCapture:1]]
[2022.12.11-22.47.42:417][  0]LogConfig: Applying CVar settings from Section [FoliageQuality@3] File [D:/GH_CTSG/CTSG_Project/CTSG/Saved/Config/Windows/Scalability.ini]
[2022.12.11-22.47.42:417][  0]LogConfig: Setting CVar [[foliage.DensityScale:1.0]]
[2022.12.11-22.47.42:417][  0]LogConfig: Setting CVar [[grass.DensityScale:1.0]]
[2022.12.11-22.47.42:417][  0]LogConfig: Applying CVar settings from Section [ShadingQuality@3] File [D:/GH_CTSG/CTSG_Project/CTSG/Saved/Config/Windows/Scalability.ini]
[2022.12.11-22.47.42:417][  0]LogConfig: Setting CVar [[r.HairStrands.SkyLighting.IntegrationType:2]]
[2022.12.11-22.47.42:417][  0]LogConfig: Setting CVar [[r.HairStrands.SkyAO.SampleCount:4]]
[2022.12.11-22.47.42:417][  0]LogConfig: Setting CVar [[r.HairStrands.Visibility.MSAA.SamplePerPixel:4]]
[2022.12.11-22.47.42:417][  0]LogConfig: Applying CVar settings from Section [Startup] File [../../../Engine/Config/ConsoleVariables.ini]
[2022.12.11-22.47.42:417][  0]LogConfig: Setting CVar [[net.UseAdaptiveNetUpdateFrequency:0]]
[2022.12.11-22.47.42:417][  0]LogConfig: Setting CVar [[p.chaos.AllowCreatePhysxBodies:1]]
[2022.12.11-22.47.42:417][  0]LogConfig: Setting CVar [[fx.SkipVectorVMBackendOptimizations:1]]
[2022.12.11-22.47.42:417][  0]LogConfig: Applying CVar settings from Section [ConsoleVariables] File [D:/GH_CTSG/CTSG_Project/CTSG/Saved/Config/Windows/Engine.ini]
[2022.12.11-22.47.42:417][  0]LogConfig: Applying CVar settings from Section [ConsoleVariables] File [D:/GH_CTSG/CTSG_Project/CTSG/Saved/Config/Windows/Editor.ini]
[2022.12.11-22.47.42:417][  0]LogInit: Computer: DESKTOP-BVGPQPL
[2022.12.11-22.47.42:417][  0]LogInit: User: gamez
[2022.12.11-22.47.42:417][  0]LogInit: CPU Page size=4096, Cores=6
[2022.12.11-22.47.42:417][  0]LogInit: High frequency timer resolution =10.000000 MHz
[2022.12.11-22.47.42:418][  0]LogMemory: Memory total: Physical=15.9GB (16GB approx)
[2022.12.11-22.47.42:418][  0]LogMemory: Platform Memory Stats for Windows
[2022.12.11-22.47.42:418][  0]LogMemory: Process Physical Memory: 144.89 MB used, 144.89 MB peak
[2022.12.11-22.47.42:418][  0]LogMemory: Process Virtual Memory: 130.13 MB used, 130.13 MB peak
[2022.12.11-22.47.42:418][  0]LogMemory: Physical Memory: 10188.08 MB used,  6109.32 MB free, 16297.40 MB total
[2022.12.11-22.47.42:418][  0]LogMemory: Virtual Memory: 134209184.00 MB used,  8545.13 MB free, 134217728.00 MB total
[2022.12.11-22.47.42:422][  0]LogWindows: WindowsPlatformFeatures enabled
[2022.12.11-22.47.42:457][  0]LogInit: Physics initialised using underlying interface: PhysX
[2022.12.11-22.47.42:457][  0]LogInit: Using OS detected language (en-US).
[2022.12.11-22.47.42:457][  0]LogInit: Using OS detected locale (en-US).
[2022.12.11-22.47.42:460][  0]LogTextLocalizationManager: No specific localization for 'en-US' exists, so the 'en' localization will be used.
[2022.12.11-22.47.42:605][  0]LogWindowsTextInputMethodSystem: Display: IME system deactivated.
[2022.12.11-22.47.42:637][  0]LogSlate: New Slate User Created.  User Index 0, Is Virtual User: 0
[2022.12.11-22.47.42:637][  0]LogSlate: Slate User Registered.  User Index 0, Is Virtual User: 0
[2022.12.11-22.47.42:661][  0]LogD3D11RHI: Loaded GFSDK_Aftermath_Lib.x64.dll
[2022.12.11-22.47.42:664][  0]LogHMD: Failed to initialize OpenVR with code 110
[2022.12.11-22.47.42:664][  0]LogD3D11RHI: D3D11 min allowed feature level: 11_0
[2022.12.11-22.47.42:664][  0]LogD3D11RHI: D3D11 max allowed feature level: 11_0
[2022.12.11-22.47.42:664][  0]LogD3D11RHI: D3D11 adapters:
[2022.12.11-22.47.42:753][  0]LogD3D11RHI:    0. 'NVIDIA GeForce RTX 2060' (Feature Level 11_0)
[2022.12.11-22.47.42:753][  0]LogD3D11RHI:       5968/0/8148 MB DedicatedVideo/DedicatedSystem/SharedSystem, Outputs:2, VendorId:0x10de
[2022.12.11-22.47.42:755][  0]LogD3D11RHI:    1. 'Microsoft Basic Render Driver' (Feature Level 11_0)
[2022.12.11-22.47.42:755][  0]LogD3D11RHI:       0/0/8148 MB DedicatedVideo/DedicatedSystem/SharedSystem, Outputs:0, VendorId:0x1414
[2022.12.11-22.47.42:755][  0]LogD3D11RHI: Chosen D3D11 Adapter:
[2022.12.11-22.47.42:755][  0]LogD3D11RHI:     Description : NVIDIA GeForce RTX 2060
[2022.12.11-22.47.42:755][  0]LogD3D11RHI:     VendorId    : 10de
[2022.12.11-22.47.42:755][  0]LogD3D11RHI:     DeviceId    : 1f08
[2022.12.11-22.47.42:755][  0]LogD3D11RHI:     SubSysId    : 12fd10de
[2022.12.11-22.47.42:755][  0]LogD3D11RHI:     Revision    : 00a1
[2022.12.11-22.47.42:755][  0]LogD3D11RHI:     DedicatedVideoMemory : 6257901568 bytes
[2022.12.11-22.47.42:755][  0]LogD3D11RHI:     DedicatedSystemMemory : 0 bytes
[2022.12.11-22.47.42:755][  0]LogD3D11RHI:     SharedSystemMemory : 8544532480 bytes
[2022.12.11-22.47.42:755][  0]LogD3D11RHI:     AdapterLuid : 0 61840
[2022.12.11-22.47.42:763][  0]LogD3D11RHI: Creating new Direct3DDevice
[2022.12.11-22.47.42:763][  0]LogD3D11RHI:     GPU DeviceId: 0x1f08 (for the marketing name, search the web for "GPU Device Id")
[2022.12.11-22.47.42:763][  0]LogWindows: EnumDisplayDevices:
[2022.12.11-22.47.42:763][  0]LogWindows:    0. 'NVIDIA GeForce RTX 2060' (P:1 D:1)
[2022.12.11-22.47.42:763][  0]LogWindows:    1. 'NVIDIA GeForce RTX 2060' (P:0 D:1)
[2022.12.11-22.47.42:763][  0]LogWindows:    2. 'NVIDIA GeForce RTX 2060' (P:0 D:0)
[2022.12.11-22.47.42:763][  0]LogWindows:    3. 'NVIDIA GeForce RTX 2060' (P:0 D:0)
[2022.12.11-22.47.42:763][  0]LogWindows: DebugString: FoundDriverCount:4 
[2022.12.11-22.47.42:763][  0]LogD3D11RHI:     Adapter Name: NVIDIA GeForce RTX 2060
[2022.12.11-22.47.42:763][  0]LogD3D11RHI:   Driver Version: 527.56 (internal:31.0.15.2756, unified:527.56)
[2022.12.11-22.47.42:763][  0]LogD3D11RHI:      Driver Date: 12-5-2022
[2022.12.11-22.47.42:763][  0]LogRHI: Texture pool is 4177 MB (70% of 5968 MB)
[2022.12.11-22.47.42:763][  0]LogD3D11RHI: Creating D3DDevice using adapter:
[2022.12.11-22.47.42:763][  0]LogD3D11RHI:     Description : NVIDIA GeForce RTX 2060
[2022.12.11-22.47.42:763][  0]LogD3D11RHI:     VendorId    : 10de
[2022.12.11-22.47.42:763][  0]LogD3D11RHI:     DeviceId    : 1f08
[2022.12.11-22.47.42:763][  0]LogD3D11RHI:     SubSysId    : 12fd10de
[2022.12.11-22.47.42:763][  0]LogD3D11RHI:     Revision    : 00a1
[2022.12.11-22.47.42:763][  0]LogD3D11RHI:     DedicatedVideoMemory : 6257901568 bytes
[2022.12.11-22.47.42:763][  0]LogD3D11RHI:     DedicatedSystemMemory : 0 bytes
[2022.12.11-22.47.42:763][  0]LogD3D11RHI:     SharedSystemMemory : 8544532480 bytes
[2022.12.11-22.47.42:763][  0]LogD3D11RHI:     AdapterLuid : 0 61840
[2022.12.11-22.47.42:811][  0]LogD3D11RHI: RHI has support for 64 bit atomics
[2022.12.11-22.47.42:811][  0]LogD3D11RHI: Async texture creation enabled
[2022.12.11-22.47.42:811][  0]LogD3D11RHI: Array index from any shader is supported
[2022.12.11-22.47.42:833][  0]LogD3D11RHI: GPU Timing Frequency: 1000.000000 (Debug: 2 2)
[2022.12.11-22.47.42:856][  0]LogRHI: GeForceNow SDK initialized: 1
[2022.12.11-22.47.43:076][  0]LogTargetPlatformManager: Display: Loaded TargetPlatform 'WindowsNoEditor'
[2022.12.11-22.47.43:080][  0]LogTargetPlatformManager: Display: Loaded TargetPlatform 'Windows'
[2022.12.11-22.47.43:084][  0]LogTargetPlatformManager: Display: Loaded TargetPlatform 'WindowsClient'
[2022.12.11-22.47.43:087][  0]LogTargetPlatformManager: Display: Loaded TargetPlatform 'WindowsServer'
[2022.12.11-22.47.43:087][  0]LogTargetPlatformManager: Display: Building Assets For Windows
[2022.12.11-22.47.43:093][  0]LogAudioDebug: Display: Lib vorbis DLL was dynamically loaded.
[2022.12.11-22.47.43:117][  0]LogTextureFormatOodle: Display: Oodle Texture 2.9.0 init RDO Off
[2022.12.11-22.47.43:144][  0]LogRendererCore: Ray tracing is disabled. Reason: r.RayTracing=0.
[2022.12.11-22.47.43:144][  0]LogShaderCompilers: Guid format shader working directory is 8 characters bigger than the processId version (../../../../GH_CTSG/CTSG_Project/CTSG/Intermediate/Shaders/WorkingDirectory/11340/).
[2022.12.11-22.47.43:144][  0]LogShaderCompilers: Cleaned the shader compiler working directory 'C:/Users/gamez/AppData/Local/Temp/UnrealShaderWorkingDir/0D7F69234087DB0C42A24D864885BD54/'.
[2022.12.11-22.47.43:145][  0]LogXGEController: Cannot use XGE Controller as Incredibuild is not installed on this machine.
[2022.12.11-22.47.43:145][  0]LogShaderCompilers: Cannot use XGE Shader Compiler as Incredibuild is not installed on this machine.
[2022.12.11-22.47.43:145][  0]LogShaderCompilers: Display: Using Local Shader Compiler.
[2022.12.11-22.47.43:718][  0]LogDerivedDataCache: Display: Max Cache Size: 512 MB
[2022.12.11-22.47.43:778][  0]LogDerivedDataCache: Loaded boot cache 0.06s 146MB C:/Users/gamez/AppData/Local/UnrealEngine/4.27/DerivedDataCache/Boot.ddc.
[2022.12.11-22.47.43:778][  0]LogDerivedDataCache: Display: Loaded Boot cache: C:/Users/gamez/AppData/Local/UnrealEngine/4.27/DerivedDataCache/Boot.ddc
[2022.12.11-22.47.43:778][  0]LogDerivedDataCache: FDerivedDataBackendGraph:  Pak pak cache file ../../../../GH_CTSG/CTSG_Project/CTSG/DerivedDataCache/DDC.ddp not found, will not use a pak cache.
[2022.12.11-22.47.43:778][  0]LogDerivedDataCache: Unable to find inner node Pak for hierarchical cache Hierarchy.
[2022.12.11-22.47.43:778][  0]LogDerivedDataCache: FDerivedDataBackendGraph:  CompressedPak pak cache file ../../../../GH_CTSG/CTSG_Project/CTSG/DerivedDataCache/Compressed.ddp not found, will not use a pak cache.
[2022.12.11-22.47.43:778][  0]LogDerivedDataCache: Unable to find inner node CompressedPak for hierarchical cache Hierarchy.
[2022.12.11-22.47.43:793][  0]LogDerivedDataCache: Display: Pak cache opened for reading ../../../Engine/DerivedDataCache/Compressed.ddp.
[2022.12.11-22.47.43:793][  0]LogDerivedDataCache: FDerivedDataBackendGraph:  EnterprisePak pak cache file ../../../Enterprise/DerivedDataCache/Compressed.ddp not found, will not use a pak cache.
[2022.12.11-22.47.43:794][  0]LogDerivedDataCache: Unable to find inner node EnterprisePak for hierarchical cache Hierarchy.
[2022.12.11-22.47.43:801][  0]LogDerivedDataCache: Speed tests for C:/Users/gamez/AppData/Local/UnrealEngine/Common/DerivedDataCache took 0.01 seconds
[2022.12.11-22.47.43:801][  0]LogDerivedDataCache: Display: Performance to C:/Users/gamez/AppData/Local/UnrealEngine/Common/DerivedDataCache: Latency=0.02ms. RandomReadSpeed=1639.95MBs, RandomWriteSpeed=139.78MBs. Assigned SpeedClass 'Local'
[2022.12.11-22.47.43:801][  0]LogDerivedDataCache: Using Local data cache path C:/Users/gamez/AppData/Local/UnrealEngine/Common/DerivedDataCache: Writable
[2022.12.11-22.47.43:801][  0]LogDerivedDataCache: Shared data cache path not found in *engine.ini, will not use an Shared cache.
[2022.12.11-22.47.43:801][  0]LogDerivedDataCache: Unable to find inner node Shared for hierarchical cache Hierarchy.
[2022.12.11-22.47.43:829][  0]LogSlate: Using FreeType 2.10.0
[2022.12.11-22.47.43:829][  0]LogSlate: SlateFontServices - WITH_FREETYPE: 1, WITH_HARFBUZZ: 1
[2022.12.11-22.47.43:887][  0]LogInit: Using OS detected language (en-US).
[2022.12.11-22.47.43:887][  0]LogInit: Using OS detected locale (en-US).
[2022.12.11-22.47.43:887][  0]LogTextLocalizationManager: No localization for 'en-US' exists, so 'en' will be used for the language.
[2022.12.11-22.47.43:887][  0]LogTextLocalizationManager: No localization for 'en-US' exists, so 'en' will be used for the locale.
[2022.12.11-22.47.43:887][  0]LogSlate: FontCache flush requested. Reason: Culture for localization was changed
[2022.12.11-22.47.43:887][  0]LogSlate: FontCache flush requested. Reason: Culture for localization was changed
[2022.12.11-22.47.43:889][  0]LogTextLocalizationManager: Compacting localization data took   0.00ms
[2022.12.11-22.47.43:889][  0]LogAssetRegistry: FAssetRegistry took 0.0014 seconds to start up
[2022.12.11-22.47.44:021][  0]LogPackageLocalizationCache: Processed 27 localized package path(s) for 1 prioritized culture(s) in 0.000874 seconds
[2022.12.11-22.47.44:067][  0]LogInit: Selected Device Profile: [Windows]
[2022.12.11-22.47.44:068][  0]LogInit: Active device profile: [000001866568F200][000001865D929140 49] Windows
[2022.12.11-22.47.44:068][  0]LogInit: Profiles: [000001866568F200][000001865D929140 49] Windows, [000001866563D000][000001865D1872C0 49] WindowsNoEditor, [000001866568D000][000001865D18B440 49] WindowsServer, [000001866563EA00][000001865D18F5C0 49] WindowsClient, [000001866568E900][000001865D92D700 49] IOS, [000001866563D900][000001865D193840 49] iPadAir, [000001866568D800][000001865D401980 49] iPadAir2, [00000186655FB900][000001865D40DC00 49] IPadPro, [00000186655FBA00][000001865D4040C0 49] iPadAir3, [000001866568E300][000001865D410240 49] iPadAir4, [00000186655F9500][000001865D4143C0 49] iPadMini2, [000001866568F700][000001865D418540 49] iPadMini3, [00000186655FA400][000001865D41C6C0 49] iPadMini4, [000001866568C800][000001865D420840 49] iPadMini5, [000001866560F200][000001865D428B00 49] iPhone6, [000001866560F300][000001865D424B40 49] iPodTouch6, [00000186655F8500][000001865D430E00 49] iPhone7, [00000186655F8400][000001865D42CE40 49] iPodTouch7, [000001866560D400][000001865D434FC0 49] iPhone5S, [00000186655FA200][000001865D439140 49] iPhone6Plus, [000001866560E500][000001865D43D2C0 49] iPhone6S, [00000186655F9300][000001865D441440 49] iPhone6SPlus, [000001866560DC00][000001865D4455C0 49] iPhone7Plus, [00000186655F9700][000001865D449740 49] iPhoneSE, [000001866560CE00][00000186659438C0 49] iPhone8, [00000186655F8E00][000001865D409A00 49] iPhone8Plus, [000001866560ED00][0000018665947B40 49] iPhoneX, [00000186655F8A00][000001866594A100 49] iPhoneXS, [000001866560F900][0000018665952280 49] iPhoneXSMax, [00000186655F9800][0000018665956400 49] iPhoneXR, [000001866560FD00][000001866595A580 49] iPhone11, [00000186655F8200][000001866595E700 49] iPhone11Pro, [000001866560CD00][0000018665962880 49] iPhone11ProMax, [00000186655F8D00][0000018665966A00 49] iPhoneSE2, [000001866560E400][000001866596AB80 49] iPhone12Mini, [00000186655F9000][000001866596ED00 49] iPhone12, [000001866560D700][0000018665972E80 49] iPhone12Pro, [00000186655FBB00][0000018665977000 49] iPhone12ProMax, [000001866560D600][000001866597B180 49] iPadPro105, [00000186655FB600][000001866597F300 49] iPadPro129, [000001866560F700][0000018665983480 49] iPadPro97, [00000186655FA900][0000018665987600 49] iPadPro2_129, [000001866560D300][000001866598B780 49] iPad5, [00000186655F8700][000001866598F900 49] iPad6, [000001866560C300][0000018665993A80 49] iPad7, [00000186655F9200][000001866594FBC0 49] iPad8, [000001866560FF00][0000018665996180 49] iPadPro11, [00000186655F9C00][000001866599A2C0 49] iPadPro2_11, [000001866560CB00][00000186659A2440 49] iPadPro3_129, [00000186655FB500][00000186659A65C0 49] iPadPro4_129, [000001866560EF00][00000186659AA740 49] AppleTV, [00000186655F8600][00000186659AE8C0 49] AppleTV4K, [000001866560D100][00000186659B2A40 49] TVOS, [00000186655FAA00][00000186659B6BC0 49] Mac, [000001866560DF00][00000186659BAD40 49] MacClient, [00000186655F8C00][00000186659BEEC0 49] MacNoEditor, [000001866560EB00][00000186659C3040 49] MacServer, [00000186655FA300][00000186659C71C0 49] Linux, [000001866563E300][00000186659CB340 49] LinuxAArch64, [00000186656D0C00][00000186659CF4C0 49] LinuxNoEditor, [000001866563CA00][00000186659D3640 49] LinuxAArch64NoEditor, [00000186656D0E00][00000186659D77C0 49] LinuxClient, [000001866563F200][00000186659DB940 49] LinuxAArch64Client, [00000186656D1B00][00000186659DFAC0 49] LinuxServer, [000001866563FB00][00000186659E20C0 49] LinuxAArch64Server, [00000186656D1A00][000001866599E200 49] Android, [000001866563D800][00000186659E6340 49] Android_Low, [00000186656D1900][00000186659EA480 49] Android_Mid, [000001866563CC00][00000186659EE5C0 49] Android_High, [00000186656D1100][00000186659F6740 49] Android_Default, [000001866563DA00][00000186659FA8C0 49] Android_Adreno4xx, [00000186656D1E00][00000186659FEA40 49] Android_Adreno5xx_Low, [000001866563D400][0000018665A02BC0 49] Android_Adreno5xx, [00000186656D1000][0000018665A06D40 49] Android_Adreno6xx, [000001866563C600][0000018665A0AEC0 49] Android_Adreno6xx_Vulkan, [00000186656D0900][0000018665A0F040 49] Android_Mali_T6xx, [000001866563D100][0000018665A131C0 49] Android_Mali_T7xx, [00000186656D1800][0000018665A17340 49] Android_Mali_T8xx, [00000186655FA600][0000018665A1B4C0 49] Android_Mali_G71, [000001866560C500][0000018665A1F640 49] Android_Mali_G72, [00000186655F8300][0000018665A237C0 49] Android_Mali_G72_Vulkan, [000001866560E000][0000018665A27940 49] Android_Mali_G76, [00000186655FB200][0000018665A2BAC0 49] Android_Mali_G76_Vulkan, [000001866560D500][0000018665A2E0C0 49] Android_Mali_G77, [00000186655F9600][0000018665A32240 49] Android_Mali_G77_Vulkan, [000001866560F800][00000186659F2380 49] Android_Mali_G78, [00000186655F8800][0000018665A364C0 49] Android_Mali_G78_Vulkan, [000001866560DD00][0000018665A3A600 49] Android_Mali_G710, [00000186655FB800][0000018665A3E740 49] Android_Mali_G710_Vulkan, [00000186656D0800][0000018665A468C0 49] Android_Vulkan_SM5, [00000186655F9D00][0000018665A4AA40 49] Android_PowerVR_G6xxx, [00000186656D0D00][0000018665A4EBC0 49] Android_PowerVR_GT7xxx, [00000186655FB400][0000018665A52D40 49] Android_PowerVR_GE8xxx, [00000186656D0F00][0000018665A56EC0 49] Android_PowerVR_GM9xxx, [00000186655FA100][0000018665A5B040 49] Android_PowerVR_GM9xxx_Vulkan, [00000186656D0A00][0000018665A5F1C0 49] Android_TegraK1, [00000186655FB000][0000018665A63340 49] Android_Unknown_Vulkan, [00000186656D0100][0000018665A674C0 49] Lumin, [00000186655F9F00][0000018665A6B640 49] Lumin_Desktop, [00000186656D1F00][0000018665A6F7C0 49] HoloLens, 
[2022.12.11-22.47.44:104][  0]LogMeshReduction: Using QuadricMeshReduction for automatic static mesh reduction
[2022.12.11-22.47.44:104][  0]LogMeshReduction: Using SimplygonMeshReduction for automatic skeletal mesh reduction
[2022.12.11-22.47.44:104][  0]LogMeshReduction: Using ProxyLODMeshReduction for automatic mesh merging
[2022.12.11-22.47.44:104][  0]LogMeshReduction: No distributed automatic mesh merging module available
[2022.12.11-22.47.44:104][  0]LogMeshMerging: No distributed automatic mesh merging module available
[2022.12.11-22.47.44:191][  0]LogNetVersion: CTSG 1.0.0, NetCL: 17155196, EngineNetVer: 17, GameNetVer: 0 (Checksum: 3362744262)
[2022.12.11-22.47.44:385][  0]LogTexture: Default maximum texture size for cubemaps generated from long-lat sources has been changed from 512 to unlimited. In order to preserve old behaiour for '/Engine/MapTemplates/Sky/DaylightAmbientCubemap.DaylightAmbientCubemap', its maximum texture size has been explicitly set to 512.
[2022.12.11-22.47.44:431][  0]LogHMD: PokeAHoleMaterial loaded successfully
