Log file open, 12/12/22 01:57:22
LogWindows: Failed to load 'aqProf.dll' (GetLastError=126)
LogWindows: File 'aqProf.dll' does not exist
LogWindows: Failed to load 'VtuneApi.dll' (GetLastError=126)
LogWindows: File 'VtuneApi.dll' does not exist
LogWindows: Failed to load 'VtuneApi32e.dll' (GetLastError=126)
LogWindows: File 'VtuneApi32e.dll' does not exist
LogConsoleResponse: Display: Failed to find resolution value strings in scalability ini. Falling back to default.
LogConsoleResponse: Display: Failed to find resolution value strings in scalability ini. Falling back to default.
LogInit: Display: Running engine for game: CTSG
LogPlatformFile: Not using cached read wrapper
LogTaskGraph: Started task graph with 5 named threads and 35 total threads with 3 sets of task threads.
LogStats: Stats thread started at 0.252866
LogICUInternationalization: ICU TimeZone Detection - Raw Offset: +7:00, Platform Override: ''
LogInit: Display: Loading text-based GConfig....
LogPluginManager: Mounting plugin MeshPainting
LogPluginManager: Mounting plugin XGEController
LogPluginManager: Mounting plugin Paper2D
LogPluginManager: Mounting plugin AISupport
LogPluginManager: Mounting plugin LightPropagationVolume
LogPluginManager: Mounting plugin GameplayCameras
LogPluginManager: Mounting plugin EnvironmentQueryEditor
LogPluginManager: Mounting plugin CameraShakePreviewer
LogPluginManager: Mounting plugin AnimationSharing
LogPluginManager: Mounting plugin OodleData
LogPluginManager: Mounting plugin CLionSourceCodeAccess
LogPluginManager: Mounting plugin AssetManagerEditor
LogPluginManager: Mounting plugin OodleNetwork
LogPluginManager: Mounting plugin CryptoKeys
LogPluginManager: Mounting plugin NullSourceCodeAccess
LogPluginManager: Mounting plugin GitSourceControl
LogPluginManager: Mounting plugin PerforceSourceControl
LogPluginManager: Mounting plugin CurveEditorTools
LogPluginManager: Mounting plugin PlasticSourceControl
LogPluginManager: Mounting plugin DataValidation
LogPluginManager: Mounting plugin CodeLiteSourceCodeAccess
LogPluginManager: Mounting plugin PluginUtils
LogPluginManager: Mounting plugin PropertyAccessNode
LogPluginManager: Mounting plugin FacialAnimation
LogPluginManager: Mounting plugin RiderSourceCodeAccess
LogPluginManager: Mounting plugin GameplayTagsEditor
LogPluginManager: Mounting plugin SubversionSourceControl
LogPluginManager: Mounting plugin GeometryMode
LogPluginManager: Mounting plugin MacGraphicsSwitching
LogPluginManager: Mounting plugin TextureFormatOodle
LogPluginManager: Mounting plugin MaterialAnalyzer
LogPluginManager: Mounting plugin DatasmithContent
LogPluginManager: Mounting plugin MobileLauncherProfileWizard
LogPluginManager: Mounting plugin PixWinPlugin
LogPluginManager: Mounting plugin PluginBrowser
LogPluginManager: Mounting plugin SpeedTreeImporter
LogPluginManager: Mounting plugin KDevelopSourceCodeAccess
LogPluginManager: Mounting plugin UObjectPlugin
LogPluginManager: Mounting plugin VisualStudioCodeSourceCodeAccess
LogPluginManager: Mounting plugin VisualStudioSourceCodeAccess
LogPluginManager: Mounting plugin XCodeSourceCodeAccess
LogPluginManager: Mounting plugin VariantManagerContent
LogPluginManager: Mounting plugin Niagara
LogPluginManager: Mounting plugin MagicLeap
LogPluginManager: Mounting plugin LuminPlatformFeatures
LogPluginManager: Mounting plugin MagicLeapLightEstimation
LogPluginManager: Mounting plugin MagicLeapMedia
LogPluginManager: Mounting plugin MagicLeapPassableWorld
LogPluginManager: Mounting plugin LiveLink
LogPluginManager: Mounting plugin MLSDK
LogPluginManager: Mounting plugin AndroidMedia
LogPluginManager: Mounting plugin AvfMedia
LogPluginManager: Mounting plugin ImgMedia
LogPluginManager: Mounting plugin MediaCompositing
LogPluginManager: Mounting plugin MediaPlayerEditor
LogPluginManager: Mounting plugin WmfMedia
LogPluginManager: Mounting plugin TcpMessaging
LogPluginManager: Mounting plugin AlembicImporter
LogPluginManager: Mounting plugin UdpMessaging
LogPluginManager: Mounting plugin AutomationUtils
LogPluginManager: Mounting plugin WebMMedia
LogPluginManager: Mounting plugin BackChannel
LogPluginManager: Mounting plugin ChaosClothEditor
LogPluginManager: Mounting plugin ChaosEditor
LogPluginManager: Mounting plugin ChaosCloth
LogPluginManager: Mounting plugin ChaosSolverPlugin
LogPluginManager: Mounting plugin ChaosNiagara
LogPluginManager: Mounting plugin CharacterAI
LogPluginManager: Mounting plugin ActorSequence
LogPluginManager: Mounting plugin LevelSequenceEditor
LogPluginManager: Mounting plugin MatineeToLevelSequence
LogPluginManager: Mounting plugin TemplateSequence
LogPluginManager: Mounting plugin OnlineSubsystemNull
LogPluginManager: Mounting plugin OnlineSubsystem
LogPluginManager: Mounting plugin GeometryCache
LogPluginManager: Mounting plugin GeometryProcessing
LogPluginManager: Mounting plugin GeometryCollectionPlugin
LogPluginManager: Mounting plugin OnlineSubsystemUtils
LogPluginManager: Mounting plugin MotoSynth
LogPluginManager: Mounting plugin OpenImageDenoise
LogPluginManager: Mounting plugin PlatformCrypto
LogPluginManager: Mounting plugin PlanarCut
LogPluginManager: Mounting plugin PythonScriptPlugin
LogPluginManager: Mounting plugin ProxyLODPlugin
LogPluginManager: Mounting plugin SkeletalReduction
LogPluginManager: Mounting plugin LauncherChunkInstaller
LogPluginManager: Mounting plugin ScreenshotTools
LogPluginManager: Mounting plugin ActorLayerUtilities
LogPluginManager: Mounting plugin Takes
LogPluginManager: Mounting plugin AndroidDeviceProfileSelector
LogPluginManager: Mounting plugin AndroidMoviePlayer
LogPluginManager: Mounting plugin AppleImageUtils
LogPluginManager: Mounting plugin AssetTags
LogPluginManager: Mounting plugin AndroidPermission
LogPluginManager: Mounting plugin AudioCapture
LogPluginManager: Mounting plugin AudioSynesthesia
LogPluginManager: Mounting plugin CableComponent
LogPluginManager: Mounting plugin CustomMeshComponent
LogPluginManager: Mounting plugin ChunkDownloader
LogPluginManager: Mounting plugin EditableMesh
LogPluginManager: Mounting plugin ExampleDeviceProfileSelector
LogPluginManager: Mounting plugin GoogleCloudMessaging
LogPluginManager: Mounting plugin IOSDeviceProfileSelector
LogPluginManager: Mounting plugin LinuxDeviceProfileSelector
LogPluginManager: Mounting plugin LocationServicesBPLibrary
LogPluginManager: Mounting plugin GooglePAD
LogPluginManager: Mounting plugin MobilePatchingUtils
LogPluginManager: Mounting plugin OpenXR
LogPluginManager: Mounting plugin OpenXREyeTracker
LogPluginManager: Mounting plugin OpenXRHandTracking
LogPluginManager: Mounting plugin PhysXVehicles
LogPluginManager: Mounting plugin PostSplashScreen
LogPluginManager: Mounting plugin ProceduralMeshComponent
LogPluginManager: Mounting plugin PropertyAccessEditor
LogPluginManager: Mounting plugin RuntimePhysXCooking
LogPluginManager: Mounting plugin SoundFields
LogPluginManager: Mounting plugin SignificanceManager
LogPluginManager: Mounting plugin Synthesis
LogPluginManager: Mounting plugin WebMMoviePlayer
LogPluginManager: Mounting plugin WindowsMoviePlayer
LogPluginManager: Mounting plugin AppleMoviePlayer
LogPluginManager: Mounting plugin ArchVisCharacter
LogPluginManager: Mounting plugin ContentBrowserAssetDataSource
LogPluginManager: Mounting plugin ContentBrowserClassDataSource
LogPluginManager: Mounting plugin ContentBrowserFileDataSource
LogPluginManager: Mounting plugin OnlineSubsystemGooglePlay
LogPluginManager: Mounting plugin OnlineSubsystemIOS
LogPluginManager: Mounting plugin OculusVR
LogPluginManager: Mounting plugin SteamVR
PixWinPlugin: PIX capture plugin failed to initialize! Check that the process is launched from PIX.
LogInit: Using libcurl 7.55.1-DEV
LogInit:  - built for x86_64-pc-win32
LogInit:  - supports SSL with OpenSSL/1.1.1
LogInit:  - supports HTTP deflate (compression) using libz 1.2.8
LogInit:  - other features:
LogInit:      CURL_VERSION_SSL
LogInit:      CURL_VERSION_LIBZ
LogInit:      CURL_VERSION_IPV6
LogInit:      CURL_VERSION_ASYNCHDNS
LogInit:      CURL_VERSION_LARGEFILE
LogInit:      CURL_VERSION_IDN
LogInit:  CurlRequestOptions (configurable via config and command line):
LogInit:  - bVerifyPeer = true  - Libcurl will verify peer certificate
LogInit:  - bUseHttpProxy = false  - Libcurl will NOT use HTTP proxy
LogInit:  - bDontReuseConnections = false  - Libcurl will reuse connections
LogInit:  - MaxHostConnections = 16  - Libcurl will limit the number of connections to a host
LogInit:  - LocalHostAddr = Default
LogInit:  - BufferSize = 65536
LogOnline: OSS: Creating online subsystem instance for: NULL
LogInit: WinSock: version 1.1 (2.2), MaxSocks=32767, MaxUdp=65467
LogOnline: OSS: TryLoadSubsystemAndSetDefault: Loaded subsystem for module [NULL]
LogOculusPluginWrapper: OculusPlugin initialized successfully
LogHMD: Failed initializing OVRPlugin 1.59.0
LogInit: Build: ++UE4+Release-4.27-CL-18319896
LogInit: Engine Version: 4.27.2-18319896+++UE4+Release-4.27
LogInit: Compatible Engine Version: 4.27.0-17155196+++UE4+Release-4.27
LogInit: Net CL: 17155196
LogInit: OS: Windows 10 (Release 2009) (), CPU: AMD Ryzen 5 5600X 6-Core Processor             , GPU: NVIDIA GeForce RTX 2060
LogInit: Compiled (64-bit): Nov 30 2021 07:12:08
LogInit: Compiled with Visual C++: 19.24.28315.00
LogInit: Build Configuration: Development
LogInit: Branch Name: ++UE4+Release-4.27
LogInit: Command Line:  /Game/MapPJ/Menu -game -PIEVIACONSOLE -Multiprocess GameUserSettingsINI=D:/GH_CTSG/CTSG_Project/CTSG/Saved/Config/Windows/PIEGameUserSettings0.ini -MultiprocessSaveConfig -forcepassthrough -messaging -SessionName="Play in Standalone Game" -windowed -WinX=0 -WinY=24 SAVEWINPOS=1 -ResX=2550 -ResY=1358
LogInit: Base Directory: D:/UE_4.27/Engine/Binaries/Win64/
LogInit: Allocator: TBB
LogInit: Installed Engine Build: 1
LogDevObjectVersion: Number of dev versions registered: 29
LogDevObjectVersion:   Dev-Blueprints (B0D832E4-1F89-4F0D-ACCF-7EB736FD4AA2): 10
LogDevObjectVersion:   Dev-Build (E1C64328-A22C-4D53-A36C-8E866417BD8C): 0
LogDevObjectVersion:   Dev-Core (375EC13C-06E4-48FB-B500-84F0262A717E): 4
LogDevObjectVersion:   Dev-Editor (E4B068ED-F494-42E9-A231-DA0B2E46BB41): 40
LogDevObjectVersion:   Dev-Framework (CFFC743F-43B0-4480-9391-14DF171D2073): 37
LogDevObjectVersion:   Dev-Mobile (B02B49B5-BB20-44E9-A304-32B752E40360): 3
LogDevObjectVersion:   Dev-Networking (A4E4105C-59A1-49B5-A7C5-40C4547EDFEE): 0
LogDevObjectVersion:   Dev-Online (39C831C9-5AE6-47DC-9A44-9C173E1C8E7C): 0
LogDevObjectVersion:   Dev-Physics (78F01B33-EBEA-4F98-B9B4-84EACCB95AA2): 14
LogDevObjectVersion:   Dev-Platform (6631380F-2D4D-43E0-8009-CF276956A95A): 0
LogDevObjectVersion:   Dev-Rendering (12F88B9F-8875-4AFC-A67C-D90C383ABD29): 45
LogDevObjectVersion:   Dev-Sequencer (7B5AE74C-D270-4C10-A958-57980B212A5A): 13
LogDevObjectVersion:   Dev-VR (D7296918-1DD6-4BDD-9DE2-64A83CC13884): 3
LogDevObjectVersion:   Dev-LoadTimes (C2A15278-BFE7-4AFE-6C17-90FF531DF755): 1
LogDevObjectVersion:   Private-Geometry (6EACA3D4-40EC-4CC1-B786-8BED09428FC5): 3
LogDevObjectVersion:   Dev-AnimPhys (29E575DD-E0A3-4627-9D10-D276232CDCEA): 17
LogDevObjectVersion:   Dev-Anim (AF43A65D-7FD3-4947-9873-3E8ED9C1BB05): 15
LogDevObjectVersion:   Dev-ReflectionCapture (6B266CEC-1EC7-4B8F-A30B-E4D90942FC07): 1
LogDevObjectVersion:   Dev-Automation (0DF73D61-A23F-47EA-B727-89E90C41499A): 1
LogDevObjectVersion:   FortniteMain (601D1886-AC64-4F84-AA16-D3DE0DEAC7D6): 47
LogDevObjectVersion:   FortniteRelease (E7086368-6B23-4C58-8439-1B7016265E91): 1
LogDevObjectVersion:   Dev-Enterprise (9DFFBCD6-494F-0158-E221-12823C92A888): 10
LogDevObjectVersion:   Dev-Niagara (F2AED0AC-9AFE-416F-8664-AA7FFA26D6FC): 1
LogDevObjectVersion:   Dev-Destruction (174F1F0B-B4C6-45A5-B13F-2EE8D0FB917D): 10
LogDevObjectVersion:   Dev-Physics-Ext (35F94A83-E258-406C-A318-09F59610247C): 41
LogDevObjectVersion:   Dev-PhysicsMaterial-Chaos (B68FC16E-8B1B-42E2-B453-215C058844FE): 1
LogDevObjectVersion:   Dev-CineCamera (B2E18506-4273-CFC2-A54E-F4BB758BBA07): 1
LogDevObjectVersion:   Dev-VirtualProduction (64F58936-FD1B-42BA-BA96-7289D5D0FA4E): 1
LogDevObjectVersion:   Dev-MediaFramework (6F0ED827-A609-4895-9C91-998D90180EA4): 2
LogInit: Presizing for max 25165824 objects, including 0 objects not considered by GC, pre-allocating 0 bytes for permanent pool.
LogConfig: Applying CVar settings from Section [/Script/Engine.StreamingSettings] File [D:/GH_CTSG/CTSG_Project/CTSG/Saved/Config/Windows/Engine.ini]
LogConfig: Setting CVar [[s.MinBulkDataSizeForAsyncLoading:131072]]
LogConfig: Setting CVar [[s.AsyncLoadingThreadEnabled:0]]
LogConfig: Setting CVar [[s.EventDrivenLoaderEnabled:1]]
LogConfig: Setting CVar [[s.WarnIfTimeLimitExceeded:0]]
LogConfig: Setting CVar [[s.TimeLimitExceededMultiplier:1.5]]
LogConfig: Setting CVar [[s.TimeLimitExceededMinTime:0.005]]
LogConfig: Setting CVar [[s.UseBackgroundLevelStreaming:1]]
LogConfig: Setting CVar [[s.PriorityAsyncLoadingExtraTime:15.0]]
LogConfig: Setting CVar [[s.LevelStreamingActorsUpdateTimeLimit:5.0]]
LogConfig: Setting CVar [[s.PriorityLevelStreamingActorsUpdateExtraTime:5.0]]
LogConfig: Setting CVar [[s.LevelStreamingComponentsRegistrationGranularity:10]]
LogConfig: Setting CVar [[s.UnregisterComponentsTimeLimit:1.0]]
LogConfig: Setting CVar [[s.LevelStreamingComponentsUnregistrationGranularity:5]]
LogConfig: Setting CVar [[s.FlushStreamingOnExit:1]]
LogInit: Object subsystem initialized
LogConfig: Setting CVar [[con.DebugEarlyDefault:1]]
LogConfig: Setting CVar [[r.setres:1280x720]]
[2022.12.11-18.57.22:432][  0]LogConfig: Setting CVar [[con.DebugEarlyDefault:1]]
[2022.12.11-18.57.22:432][  0]LogConfig: Setting CVar [[r.setres:1280x720]]
[2022.12.11-18.57.22:432][  0]LogConfig: Applying CVar settings from Section [/Script/Engine.RendererSettings] File [D:/GH_CTSG/CTSG_Project/CTSG/Saved/Config/Windows/Engine.ini]
[2022.12.11-18.57.22:432][  0]LogConfig: Setting CVar [[r.GPUCrashDebugging:0]]
[2022.12.11-18.57.22:432][  0]LogConfig: Setting CVar [[r.TextureStreaming:0]]
[2022.12.11-18.57.22:432][  0]LogConfig: Applying CVar settings from Section [/Script/Engine.RendererOverrideSettings] File [D:/GH_CTSG/CTSG_Project/CTSG/Saved/Config/Windows/Engine.ini]
[2022.12.11-18.57.22:432][  0]LogConfig: Applying CVar settings from Section [/Script/Engine.StreamingSettings] File [D:/GH_CTSG/CTSG_Project/CTSG/Saved/Config/Windows/Engine.ini]
[2022.12.11-18.57.22:432][  0]LogConfig: Setting CVar [[s.MinBulkDataSizeForAsyncLoading:131072]]
[2022.12.11-18.57.22:432][  0]LogConfig: Setting CVar [[s.AsyncLoadingThreadEnabled:0]]
[2022.12.11-18.57.22:432][  0]LogConfig: Setting CVar [[s.EventDrivenLoaderEnabled:1]]
[2022.12.11-18.57.22:432][  0]LogConfig: Setting CVar [[s.WarnIfTimeLimitExceeded:0]]
[2022.12.11-18.57.22:432][  0]LogConfig: Setting CVar [[s.TimeLimitExceededMultiplier:1.5]]
[2022.12.11-18.57.22:432][  0]LogConfig: Setting CVar [[s.TimeLimitExceededMinTime:0.005]]
[2022.12.11-18.57.22:432][  0]LogConfig: Setting CVar [[s.UseBackgroundLevelStreaming:1]]
[2022.12.11-18.57.22:432][  0]LogConfig: Setting CVar [[s.PriorityAsyncLoadingExtraTime:15.0]]
[2022.12.11-18.57.22:432][  0]LogConfig: Setting CVar [[s.LevelStreamingActorsUpdateTimeLimit:5.0]]
[2022.12.11-18.57.22:432][  0]LogConfig: Setting CVar [[s.PriorityLevelStreamingActorsUpdateExtraTime:5.0]]
[2022.12.11-18.57.22:432][  0]LogConfig: Setting CVar [[s.LevelStreamingComponentsRegistrationGranularity:10]]
[2022.12.11-18.57.22:432][  0]LogConfig: Setting CVar [[s.UnregisterComponentsTimeLimit:1.0]]
[2022.12.11-18.57.22:432][  0]LogConfig: Setting CVar [[s.LevelStreamingComponentsUnregistrationGranularity:5]]
[2022.12.11-18.57.22:432][  0]LogConfig: Setting CVar [[s.FlushStreamingOnExit:1]]
[2022.12.11-18.57.22:432][  0]LogConfig: Applying CVar settings from Section [/Script/Engine.GarbageCollectionSettings] File [D:/GH_CTSG/CTSG_Project/CTSG/Saved/Config/Windows/Engine.ini]
[2022.12.11-18.57.22:432][  0]LogConfig: Setting CVar [[gc.MaxObjectsNotConsideredByGC:1]]
[2022.12.11-18.57.22:432][  0]LogConfig: Setting CVar [[gc.SizeOfPermanentObjectPool:0]]
[2022.12.11-18.57.22:432][  0]LogConfig: Setting CVar [[gc.FlushStreamingOnGC:0]]
[2022.12.11-18.57.22:432][  0]LogConfig: Setting CVar [[gc.NumRetriesBeforeForcingGC:10]]
[2022.12.11-18.57.22:432][  0]LogConfig: Setting CVar [[gc.AllowParallelGC:1]]
[2022.12.11-18.57.22:432][  0]LogConfig: Setting CVar [[gc.TimeBetweenPurgingPendingKillObjects:61.1]]
[2022.12.11-18.57.22:432][  0]LogConfig: Setting CVar [[gc.MaxObjectsInEditor:25165824]]
[2022.12.11-18.57.22:432][  0]LogConfig: Setting CVar [[gc.IncrementalBeginDestroyEnabled:1]]
[2022.12.11-18.57.22:432][  0]LogConfig: Setting CVar [[gc.CreateGCClusters:1]]
[2022.12.11-18.57.22:432][  0]LogConfig: Setting CVar [[gc.MinGCClusterSize:5]]
[2022.12.11-18.57.22:432][  0]LogConfig: Setting CVar [[gc.ActorClusteringEnabled:0]]
[2022.12.11-18.57.22:432][  0]LogConfig: Setting CVar [[gc.BlueprintClusteringEnabled:0]]
[2022.12.11-18.57.22:432][  0]LogConfig: Setting CVar [[gc.UseDisregardForGCOnDedicatedServers:0]]
[2022.12.11-18.57.22:432][  0]LogConfig: Setting CVar [[gc.MultithreadedDestructionEnabled:1]]
[2022.12.11-18.57.22:432][  0]LogConfig: Applying CVar settings from Section [/Script/Engine.NetworkSettings] File [D:/GH_CTSG/CTSG_Project/CTSG/Saved/Config/Windows/Engine.ini]
[2022.12.11-18.57.22:432][  0]LogConfig: Applying CVar settings from Section [/Script/UnrealEd.CookerSettings] File [D:/GH_CTSG/CTSG_Project/CTSG/Saved/Config/Windows/Engine.ini]
[2022.12.11-18.57.22:462][  0]LogConfig: Applying CVar settings from Section [ViewDistanceQuality@3] File [D:/GH_CTSG/CTSG_Project/CTSG/Saved/Config/Windows/Scalability.ini]
[2022.12.11-18.57.22:462][  0]LogConfig: Setting CVar [[r.SkeletalMeshLODBias:0]]
[2022.12.11-18.57.22:462][  0]LogConfig: Setting CVar [[r.ViewDistanceScale:1.0]]
[2022.12.11-18.57.22:463][  0]LogConfig: Applying CVar settings from Section [AntiAliasingQuality@3] File [D:/GH_CTSG/CTSG_Project/CTSG/Saved/Config/Windows/Scalability.ini]
[2022.12.11-18.57.22:463][  0]LogConfig: Setting CVar [[r.PostProcessAAQuality:4]]
[2022.12.11-18.57.22:463][  0]LogConfig: Applying CVar settings from Section [ShadowQuality@3] File [D:/GH_CTSG/CTSG_Project/CTSG/Saved/Config/Windows/Scalability.ini]
[2022.12.11-18.57.22:463][  0]LogConfig: Setting CVar [[r.LightFunctionQuality:1]]
[2022.12.11-18.57.22:463][  0]LogConfig: Setting CVar [[r.ShadowQuality:5]]
[2022.12.11-18.57.22:463][  0]LogConfig: Setting CVar [[r.Shadow.CSM.MaxCascades:10]]
[2022.12.11-18.57.22:463][  0]LogConfig: Setting CVar [[r.Shadow.MaxResolution:2048]]
[2022.12.11-18.57.22:463][  0]LogConfig: Setting CVar [[r.Shadow.MaxCSMResolution:2048]]
[2022.12.11-18.57.22:463][  0]LogConfig: Setting CVar [[r.Shadow.RadiusThreshold:0.01]]
[2022.12.11-18.57.22:463][  0]LogConfig: Setting CVar [[r.Shadow.DistanceScale:1.0]]
[2022.12.11-18.57.22:463][  0]LogConfig: Setting CVar [[r.Shadow.CSM.TransitionScale:1.0]]
[2022.12.11-18.57.22:463][  0]LogConfig: Setting CVar [[r.Shadow.PreShadowResolutionFactor:1.0]]
[2022.12.11-18.57.22:463][  0]LogConfig: Setting CVar [[r.DistanceFieldShadowing:1]]
[2022.12.11-18.57.22:463][  0]LogConfig: Setting CVar [[r.DistanceFieldAO:1]]
[2022.12.11-18.57.22:463][  0]LogConfig: Setting CVar [[r.AOQuality:2]]
[2022.12.11-18.57.22:463][  0]LogConfig: Setting CVar [[r.VolumetricFog:1]]
[2022.12.11-18.57.22:463][  0]LogConfig: Setting CVar [[r.VolumetricFog.GridPixelSize:8]]
[2022.12.11-18.57.22:463][  0]LogConfig: Setting CVar [[r.VolumetricFog.GridSizeZ:128]]
[2022.12.11-18.57.22:463][  0]LogConfig: Setting CVar [[r.VolumetricFog.HistoryMissSupersampleCount:4]]
[2022.12.11-18.57.22:463][  0]LogConfig: Setting CVar [[r.LightMaxDrawDistanceScale:1]]
[2022.12.11-18.57.22:463][  0]LogConfig: Setting CVar [[r.CapsuleShadows:1]]
[2022.12.11-18.57.22:463][  0]LogConfig: Applying CVar settings from Section [PostProcessQuality@3] File [D:/GH_CTSG/CTSG_Project/CTSG/Saved/Config/Windows/Scalability.ini]
[2022.12.11-18.57.22:463][  0]LogConfig: Setting CVar [[r.MotionBlurQuality:4]]
[2022.12.11-18.57.22:463][  0]LogConfig: Setting CVar [[r.AmbientOcclusionMipLevelFactor:0.4]]
[2022.12.11-18.57.22:463][  0]LogConfig: Setting CVar [[r.AmbientOcclusionMaxQuality:100]]
[2022.12.11-18.57.22:463][  0]LogConfig: Setting CVar [[r.AmbientOcclusionLevels:-1]]
[2022.12.11-18.57.22:463][  0]LogConfig: Setting CVar [[r.AmbientOcclusionRadiusScale:1.0]]
[2022.12.11-18.57.22:463][  0]LogConfig: Setting CVar [[r.DepthOfFieldQuality:2]]
[2022.12.11-18.57.22:463][  0]LogConfig: Setting CVar [[r.RenderTargetPoolMin:400]]
[2022.12.11-18.57.22:463][  0]LogConfig: Setting CVar [[r.LensFlareQuality:2]]
[2022.12.11-18.57.22:463][  0]LogConfig: Setting CVar [[r.SceneColorFringeQuality:1]]
[2022.12.11-18.57.22:463][  0]LogConfig: Setting CVar [[r.EyeAdaptationQuality:2]]
[2022.12.11-18.57.22:463][  0]LogConfig: Setting CVar [[r.BloomQuality:5]]
[2022.12.11-18.57.22:463][  0]LogConfig: Setting CVar [[r.FastBlurThreshold:100]]
[2022.12.11-18.57.22:463][  0]LogConfig: Setting CVar [[r.Upscale.Quality:3]]
[2022.12.11-18.57.22:463][  0]LogConfig: Setting CVar [[r.Tonemapper.GrainQuantization:1]]
[2022.12.11-18.57.22:463][  0]LogConfig: Setting CVar [[r.LightShaftQuality:1]]
[2022.12.11-18.57.22:463][  0]LogConfig: Setting CVar [[r.Filter.SizeScale:1]]
[2022.12.11-18.57.22:463][  0]LogConfig: Setting CVar [[r.Tonemapper.Quality:5]]
[2022.12.11-18.57.22:463][  0]LogConfig: Setting CVar [[r.DOF.Gather.AccumulatorQuality:1        ; higher gathering accumulator quality]]
[2022.12.11-18.57.22:463][  0]LogConfig: Setting CVar [[r.DOF.Gather.PostfilterMethod:1          ; Median3x3 postfilering method]]
[2022.12.11-18.57.22:463][  0]LogConfig: Setting CVar [[r.DOF.Gather.EnableBokehSettings:0       ; no bokeh simulation when gathering]]
[2022.12.11-18.57.22:463][  0]LogConfig: Setting CVar [[r.DOF.Gather.RingCount:4                 ; medium number of samples when gathering]]
[2022.12.11-18.57.22:463][  0]LogConfig: Setting CVar [[r.DOF.Scatter.ForegroundCompositing:1    ; additive foreground scattering]]
[2022.12.11-18.57.22:463][  0]LogConfig: Setting CVar [[r.DOF.Scatter.BackgroundCompositing:2    ; additive background scattering]]
[2022.12.11-18.57.22:463][  0]LogConfig: Setting CVar [[r.DOF.Scatter.EnableBokehSettings:1      ; bokeh simulation when scattering]]
[2022.12.11-18.57.22:463][  0]LogConfig: Setting CVar [[r.DOF.Scatter.MaxSpriteRatio:0.1         ; only a maximum of 10% of scattered bokeh]]
[2022.12.11-18.57.22:463][  0]LogConfig: Setting CVar [[r.DOF.Recombine.Quality:1                ; cheap slight out of focus]]
[2022.12.11-18.57.22:463][  0]LogConfig: Setting CVar [[r.DOF.Recombine.EnableBokehSettings:0    ; no bokeh simulation on slight out of focus]]
[2022.12.11-18.57.22:463][  0]LogConfig: Setting CVar [[r.DOF.TemporalAAQuality:1                ; more stable temporal accumulation]]
[2022.12.11-18.57.22:463][  0]LogConfig: Setting CVar [[r.DOF.Kernel.MaxForegroundRadius:0.025]]
[2022.12.11-18.57.22:463][  0]LogConfig: Setting CVar [[r.DOF.Kernel.MaxBackgroundRadius:0.025]]
[2022.12.11-18.57.22:463][  0]LogConfig: Applying CVar settings from Section [TextureQuality@3] File [D:/GH_CTSG/CTSG_Project/CTSG/Saved/Config/Windows/Scalability.ini]
[2022.12.11-18.57.22:463][  0]LogConfig: Setting CVar [[r.Streaming.MipBias:0]]
[2022.12.11-18.57.22:463][  0]LogConfig: Setting CVar [[r.Streaming.AmortizeCPUToGPUCopy:0]]
[2022.12.11-18.57.22:463][  0]LogConfig: Setting CVar [[r.Streaming.MaxNumTexturesToStreamPerFrame:0]]
[2022.12.11-18.57.22:463][  0]LogConfig: Setting CVar [[r.Streaming.Boost:1]]
[2022.12.11-18.57.22:463][  0]LogConfig: Setting CVar [[r.MaxAnisotropy:8]]
[2022.12.11-18.57.22:463][  0]LogConfig: Setting CVar [[r.VT.MaxAnisotropy:8]]
[2022.12.11-18.57.22:463][  0]LogConfig: Setting CVar [[r.Streaming.LimitPoolSizeToVRAM:0]]
[2022.12.11-18.57.22:463][  0]LogConfig: Setting CVar [[r.Streaming.PoolSize:1000]]
[2022.12.11-18.57.22:463][  0]LogConfig: Setting CVar [[r.Streaming.MaxEffectiveScreenSize:0]]
[2022.12.11-18.57.22:463][  0]LogConfig: Applying CVar settings from Section [EffectsQuality@3] File [D:/GH_CTSG/CTSG_Project/CTSG/Saved/Config/Windows/Scalability.ini]
[2022.12.11-18.57.22:463][  0]LogConfig: Setting CVar [[r.TranslucencyLightingVolumeDim:64]]
[2022.12.11-18.57.22:463][  0]LogConfig: Setting CVar [[r.RefractionQuality:2]]
[2022.12.11-18.57.22:463][  0]LogConfig: Setting CVar [[r.SSR.Quality:3]]
[2022.12.11-18.57.22:463][  0]LogConfig: Setting CVar [[r.SSR.HalfResSceneColor:0]]
[2022.12.11-18.57.22:463][  0]LogConfig: Setting CVar [[r.SceneColorFormat:4]]
[2022.12.11-18.57.22:463][  0]LogConfig: Setting CVar [[r.DetailMode:2]]
[2022.12.11-18.57.22:463][  0]LogConfig: Setting CVar [[r.TranslucencyVolumeBlur:1]]
[2022.12.11-18.57.22:463][  0]LogConfig: Setting CVar [[r.MaterialQualityLevel:1 ; High quality]]
[2022.12.11-18.57.22:463][  0]LogConfig: Setting CVar [[r.AnisotropicMaterials:1]]
[2022.12.11-18.57.22:463][  0]LogConfig: Setting CVar [[r.SSS.Scale:1]]
[2022.12.11-18.57.22:463][  0]LogConfig: Setting CVar [[r.SSS.SampleSet:2]]
[2022.12.11-18.57.22:463][  0]LogConfig: Setting CVar [[r.SSS.Quality:1]]
[2022.12.11-18.57.22:463][  0]LogConfig: Setting CVar [[r.SSS.HalfRes:0]]
[2022.12.11-18.57.22:463][  0]LogConfig: Setting CVar [[r.SSGI.Quality:3]]
[2022.12.11-18.57.22:463][  0]LogConfig: Setting CVar [[r.EmitterSpawnRateScale:1.0]]
[2022.12.11-18.57.22:463][  0]LogConfig: Setting CVar [[r.ParticleLightQuality:2]]
[2022.12.11-18.57.22:463][  0]LogConfig: Setting CVar [[r.SkyAtmosphere.AerialPerspectiveLUT.FastApplyOnOpaque:1 ; Always have FastSkyLUT 1 in this case to avoid wrong sky]]
[2022.12.11-18.57.22:463][  0]LogConfig: Setting CVar [[r.SkyAtmosphere.AerialPerspectiveLUT.SampleCountMaxPerSlice:4]]
[2022.12.11-18.57.22:463][  0]LogConfig: Setting CVar [[r.SkyAtmosphere.AerialPerspectiveLUT.DepthResolution:16.0]]
[2022.12.11-18.57.22:463][  0]LogConfig: Setting CVar [[r.SkyAtmosphere.FastSkyLUT:1]]
[2022.12.11-18.57.22:463][  0]LogConfig: Setting CVar [[r.SkyAtmosphere.FastSkyLUT.SampleCountMin:4.0]]
[2022.12.11-18.57.22:463][  0]LogConfig: Setting CVar [[r.SkyAtmosphere.FastSkyLUT.SampleCountMax:128.0]]
[2022.12.11-18.57.22:463][  0]LogConfig: Setting CVar [[r.SkyAtmosphere.SampleCountMin:4.0]]
[2022.12.11-18.57.22:463][  0]LogConfig: Setting CVar [[r.SkyAtmosphere.SampleCountMax:128.0]]
[2022.12.11-18.57.22:463][  0]LogConfig: Setting CVar [[r.SkyAtmosphere.TransmittanceLUT.UseSmallFormat:0]]
[2022.12.11-18.57.22:463][  0]LogConfig: Setting CVar [[r.SkyAtmosphere.TransmittanceLUT.SampleCount:10.0]]
[2022.12.11-18.57.22:463][  0]LogConfig: Setting CVar [[r.SkyAtmosphere.MultiScatteringLUT.SampleCount:15.0]]
[2022.12.11-18.57.22:463][  0]LogConfig: Setting CVar [[r.SkyLight.RealTimeReflectionCapture:1]]
[2022.12.11-18.57.22:463][  0]LogConfig: Applying CVar settings from Section [FoliageQuality@3] File [D:/GH_CTSG/CTSG_Project/CTSG/Saved/Config/Windows/Scalability.ini]
[2022.12.11-18.57.22:463][  0]LogConfig: Setting CVar [[foliage.DensityScale:1.0]]
[2022.12.11-18.57.22:463][  0]LogConfig: Setting CVar [[grass.DensityScale:1.0]]
[2022.12.11-18.57.22:463][  0]LogConfig: Applying CVar settings from Section [ShadingQuality@3] File [D:/GH_CTSG/CTSG_Project/CTSG/Saved/Config/Windows/Scalability.ini]
[2022.12.11-18.57.22:463][  0]LogConfig: Setting CVar [[r.HairStrands.SkyLighting.IntegrationType:2]]
[2022.12.11-18.57.22:463][  0]LogConfig: Setting CVar [[r.HairStrands.SkyAO.SampleCount:4]]
[2022.12.11-18.57.22:463][  0]LogConfig: Setting CVar [[r.HairStrands.Visibility.MSAA.SamplePerPixel:4]]
[2022.12.11-18.57.22:463][  0]LogInit: Selected Device Profile: [Windows]
[2022.12.11-18.57.22:463][  0]LogInit: Applying CVar settings loaded from the selected device profile: [Windows]
[2022.12.11-18.57.22:463][  0]LogHAL: Display: Platform has ~ 16 GB [17089064960 / 17179869184 / 16], which maps to Larger [LargestMinGB=32, LargerMinGB=12, DefaultMinGB=8, SmallerMinGB=6, SmallestMinGB=0)
[2022.12.11-18.57.22:463][  0]LogInit: Going up to parent DeviceProfile []
[2022.12.11-18.57.22:463][  0]LogConfig: Applying CVar settings from Section [ViewDistanceQuality@3] File [D:/GH_CTSG/CTSG_Project/CTSG/Saved/Config/Windows/Scalability.ini]
[2022.12.11-18.57.22:463][  0]LogConfig: Setting CVar [[r.SkeletalMeshLODBias:0]]
[2022.12.11-18.57.22:463][  0]LogConfig: Setting CVar [[r.ViewDistanceScale:1.0]]
[2022.12.11-18.57.22:463][  0]LogConfig: Applying CVar settings from Section [AntiAliasingQuality@3] File [D:/GH_CTSG/CTSG_Project/CTSG/Saved/Config/Windows/Scalability.ini]
[2022.12.11-18.57.22:463][  0]LogConfig: Setting CVar [[r.PostProcessAAQuality:4]]
[2022.12.11-18.57.22:463][  0]LogConfig: Applying CVar settings from Section [ShadowQuality@3] File [D:/GH_CTSG/CTSG_Project/CTSG/Saved/Config/Windows/Scalability.ini]
[2022.12.11-18.57.22:463][  0]LogConfig: Setting CVar [[r.LightFunctionQuality:1]]
[2022.12.11-18.57.22:463][  0]LogConfig: Setting CVar [[r.ShadowQuality:5]]
[2022.12.11-18.57.22:463][  0]LogConfig: Setting CVar [[r.Shadow.CSM.MaxCascades:10]]
[2022.12.11-18.57.22:463][  0]LogConfig: Setting CVar [[r.Shadow.MaxResolution:2048]]
[2022.12.11-18.57.22:463][  0]LogConfig: Setting CVar [[r.Shadow.MaxCSMResolution:2048]]
[2022.12.11-18.57.22:463][  0]LogConfig: Setting CVar [[r.Shadow.RadiusThreshold:0.01]]
[2022.12.11-18.57.22:463][  0]LogConfig: Setting CVar [[r.Shadow.DistanceScale:1.0]]
[2022.12.11-18.57.22:463][  0]LogConfig: Setting CVar [[r.Shadow.CSM.TransitionScale:1.0]]
[2022.12.11-18.57.22:463][  0]LogConfig: Setting CVar [[r.Shadow.PreShadowResolutionFactor:1.0]]
[2022.12.11-18.57.22:463][  0]LogConfig: Setting CVar [[r.DistanceFieldShadowing:1]]
[2022.12.11-18.57.22:464][  0]LogConfig: Setting CVar [[r.DistanceFieldAO:1]]
[2022.12.11-18.57.22:464][  0]LogConfig: Setting CVar [[r.AOQuality:2]]
[2022.12.11-18.57.22:464][  0]LogConfig: Setting CVar [[r.VolumetricFog:1]]
[2022.12.11-18.57.22:464][  0]LogConfig: Setting CVar [[r.VolumetricFog.GridPixelSize:8]]
[2022.12.11-18.57.22:464][  0]LogConfig: Setting CVar [[r.VolumetricFog.GridSizeZ:128]]
[2022.12.11-18.57.22:464][  0]LogConfig: Setting CVar [[r.VolumetricFog.HistoryMissSupersampleCount:4]]
[2022.12.11-18.57.22:464][  0]LogConfig: Setting CVar [[r.LightMaxDrawDistanceScale:1]]
[2022.12.11-18.57.22:464][  0]LogConfig: Setting CVar [[r.CapsuleShadows:1]]
[2022.12.11-18.57.22:464][  0]LogConfig: Applying CVar settings from Section [PostProcessQuality@3] File [D:/GH_CTSG/CTSG_Project/CTSG/Saved/Config/Windows/Scalability.ini]
[2022.12.11-18.57.22:464][  0]LogConfig: Setting CVar [[r.MotionBlurQuality:4]]
[2022.12.11-18.57.22:464][  0]LogConfig: Setting CVar [[r.AmbientOcclusionMipLevelFactor:0.4]]
[2022.12.11-18.57.22:464][  0]LogConfig: Setting CVar [[r.AmbientOcclusionMaxQuality:100]]
[2022.12.11-18.57.22:464][  0]LogConfig: Setting CVar [[r.AmbientOcclusionLevels:-1]]
[2022.12.11-18.57.22:464][  0]LogConfig: Setting CVar [[r.AmbientOcclusionRadiusScale:1.0]]
[2022.12.11-18.57.22:464][  0]LogConfig: Setting CVar [[r.DepthOfFieldQuality:2]]
[2022.12.11-18.57.22:464][  0]LogConfig: Setting CVar [[r.RenderTargetPoolMin:400]]
[2022.12.11-18.57.22:464][  0]LogConfig: Setting CVar [[r.LensFlareQuality:2]]
[2022.12.11-18.57.22:464][  0]LogConfig: Setting CVar [[r.SceneColorFringeQuality:1]]
[2022.12.11-18.57.22:464][  0]LogConfig: Setting CVar [[r.EyeAdaptationQuality:2]]
[2022.12.11-18.57.22:464][  0]LogConfig: Setting CVar [[r.BloomQuality:5]]
[2022.12.11-18.57.22:464][  0]LogConfig: Setting CVar [[r.FastBlurThreshold:100]]
[2022.12.11-18.57.22:464][  0]LogConfig: Setting CVar [[r.Upscale.Quality:3]]
[2022.12.11-18.57.22:464][  0]LogConfig: Setting CVar [[r.Tonemapper.GrainQuantization:1]]
[2022.12.11-18.57.22:464][  0]LogConfig: Setting CVar [[r.LightShaftQuality:1]]
[2022.12.11-18.57.22:464][  0]LogConfig: Setting CVar [[r.Filter.SizeScale:1]]
[2022.12.11-18.57.22:464][  0]LogConfig: Setting CVar [[r.Tonemapper.Quality:5]]
[2022.12.11-18.57.22:464][  0]LogConfig: Setting CVar [[r.DOF.Gather.AccumulatorQuality:1        ; higher gathering accumulator quality]]
[2022.12.11-18.57.22:464][  0]LogConfig: Setting CVar [[r.DOF.Gather.PostfilterMethod:1          ; Median3x3 postfilering method]]
[2022.12.11-18.57.22:464][  0]LogConfig: Setting CVar [[r.DOF.Gather.EnableBokehSettings:0       ; no bokeh simulation when gathering]]
[2022.12.11-18.57.22:464][  0]LogConfig: Setting CVar [[r.DOF.Gather.RingCount:4                 ; medium number of samples when gathering]]
[2022.12.11-18.57.22:464][  0]LogConfig: Setting CVar [[r.DOF.Scatter.ForegroundCompositing:1    ; additive foreground scattering]]
[2022.12.11-18.57.22:464][  0]LogConfig: Setting CVar [[r.DOF.Scatter.BackgroundCompositing:2    ; additive background scattering]]
[2022.12.11-18.57.22:464][  0]LogConfig: Setting CVar [[r.DOF.Scatter.EnableBokehSettings:1      ; bokeh simulation when scattering]]
[2022.12.11-18.57.22:464][  0]LogConfig: Setting CVar [[r.DOF.Scatter.MaxSpriteRatio:0.1         ; only a maximum of 10% of scattered bokeh]]
[2022.12.11-18.57.22:464][  0]LogConfig: Setting CVar [[r.DOF.Recombine.Quality:1                ; cheap slight out of focus]]
[2022.12.11-18.57.22:464][  0]LogConfig: Setting CVar [[r.DOF.Recombine.EnableBokehSettings:0    ; no bokeh simulation on slight out of focus]]
[2022.12.11-18.57.22:464][  0]LogConfig: Setting CVar [[r.DOF.TemporalAAQuality:1                ; more stable temporal accumulation]]
[2022.12.11-18.57.22:464][  0]LogConfig: Setting CVar [[r.DOF.Kernel.MaxForegroundRadius:0.025]]
[2022.12.11-18.57.22:464][  0]LogConfig: Setting CVar [[r.DOF.Kernel.MaxBackgroundRadius:0.025]]
[2022.12.11-18.57.22:464][  0]LogConfig: Applying CVar settings from Section [TextureQuality@3] File [D:/GH_CTSG/CTSG_Project/CTSG/Saved/Config/Windows/Scalability.ini]
[2022.12.11-18.57.22:464][  0]LogConfig: Setting CVar [[r.Streaming.MipBias:0]]
[2022.12.11-18.57.22:464][  0]LogConfig: Setting CVar [[r.Streaming.AmortizeCPUToGPUCopy:0]]
[2022.12.11-18.57.22:464][  0]LogConfig: Setting CVar [[r.Streaming.MaxNumTexturesToStreamPerFrame:0]]
[2022.12.11-18.57.22:464][  0]LogConfig: Setting CVar [[r.Streaming.Boost:1]]
[2022.12.11-18.57.22:464][  0]LogConfig: Setting CVar [[r.MaxAnisotropy:8]]
[2022.12.11-18.57.22:464][  0]LogConfig: Setting CVar [[r.VT.MaxAnisotropy:8]]
[2022.12.11-18.57.22:464][  0]LogConfig: Setting CVar [[r.Streaming.LimitPoolSizeToVRAM:0]]
[2022.12.11-18.57.22:464][  0]LogConfig: Setting CVar [[r.Streaming.PoolSize:1000]]
[2022.12.11-18.57.22:464][  0]LogConfig: Setting CVar [[r.Streaming.MaxEffectiveScreenSize:0]]
[2022.12.11-18.57.22:464][  0]LogConfig: Applying CVar settings from Section [EffectsQuality@3] File [D:/GH_CTSG/CTSG_Project/CTSG/Saved/Config/Windows/Scalability.ini]
[2022.12.11-18.57.22:464][  0]LogConfig: Setting CVar [[r.TranslucencyLightingVolumeDim:64]]
[2022.12.11-18.57.22:464][  0]LogConfig: Setting CVar [[r.RefractionQuality:2]]
[2022.12.11-18.57.22:464][  0]LogConfig: Setting CVar [[r.SSR.Quality:3]]
[2022.12.11-18.57.22:464][  0]LogConfig: Setting CVar [[r.SSR.HalfResSceneColor:0]]
[2022.12.11-18.57.22:464][  0]LogConfig: Setting CVar [[r.SceneColorFormat:4]]
[2022.12.11-18.57.22:464][  0]LogConfig: Setting CVar [[r.DetailMode:2]]
[2022.12.11-18.57.22:464][  0]LogConfig: Setting CVar [[r.TranslucencyVolumeBlur:1]]
[2022.12.11-18.57.22:464][  0]LogConfig: Setting CVar [[r.MaterialQualityLevel:1 ; High quality]]
[2022.12.11-18.57.22:464][  0]LogConfig: Setting CVar [[r.AnisotropicMaterials:1]]
[2022.12.11-18.57.22:464][  0]LogConfig: Setting CVar [[r.SSS.Scale:1]]
[2022.12.11-18.57.22:464][  0]LogConfig: Setting CVar [[r.SSS.SampleSet:2]]
[2022.12.11-18.57.22:464][  0]LogConfig: Setting CVar [[r.SSS.Quality:1]]
[2022.12.11-18.57.22:464][  0]LogConfig: Setting CVar [[r.SSS.HalfRes:0]]
[2022.12.11-18.57.22:464][  0]LogConfig: Setting CVar [[r.SSGI.Quality:3]]
[2022.12.11-18.57.22:464][  0]LogConfig: Setting CVar [[r.EmitterSpawnRateScale:1.0]]
[2022.12.11-18.57.22:464][  0]LogConfig: Setting CVar [[r.ParticleLightQuality:2]]
[2022.12.11-18.57.22:464][  0]LogConfig: Setting CVar [[r.SkyAtmosphere.AerialPerspectiveLUT.FastApplyOnOpaque:1 ; Always have FastSkyLUT 1 in this case to avoid wrong sky]]
[2022.12.11-18.57.22:464][  0]LogConfig: Setting CVar [[r.SkyAtmosphere.AerialPerspectiveLUT.SampleCountMaxPerSlice:4]]
[2022.12.11-18.57.22:464][  0]LogConfig: Setting CVar [[r.SkyAtmosphere.AerialPerspectiveLUT.DepthResolution:16.0]]
[2022.12.11-18.57.22:464][  0]LogConfig: Setting CVar [[r.SkyAtmosphere.FastSkyLUT:1]]
[2022.12.11-18.57.22:464][  0]LogConfig: Setting CVar [[r.SkyAtmosphere.FastSkyLUT.SampleCountMin:4.0]]
[2022.12.11-18.57.22:464][  0]LogConfig: Setting CVar [[r.SkyAtmosphere.FastSkyLUT.SampleCountMax:128.0]]
[2022.12.11-18.57.22:464][  0]LogConfig: Setting CVar [[r.SkyAtmosphere.SampleCountMin:4.0]]
[2022.12.11-18.57.22:464][  0]LogConfig: Setting CVar [[r.SkyAtmosphere.SampleCountMax:128.0]]
[2022.12.11-18.57.22:464][  0]LogConfig: Setting CVar [[r.SkyAtmosphere.TransmittanceLUT.UseSmallFormat:0]]
[2022.12.11-18.57.22:464][  0]LogConfig: Setting CVar [[r.SkyAtmosphere.TransmittanceLUT.SampleCount:10.0]]
[2022.12.11-18.57.22:464][  0]LogConfig: Setting CVar [[r.SkyAtmosphere.MultiScatteringLUT.SampleCount:15.0]]
[2022.12.11-18.57.22:464][  0]LogConfig: Setting CVar [[r.SkyLight.RealTimeReflectionCapture:1]]
[2022.12.11-18.57.22:464][  0]LogConfig: Applying CVar settings from Section [FoliageQuality@3] File [D:/GH_CTSG/CTSG_Project/CTSG/Saved/Config/Windows/Scalability.ini]
[2022.12.11-18.57.22:464][  0]LogConfig: Setting CVar [[foliage.DensityScale:1.0]]
[2022.12.11-18.57.22:464][  0]LogConfig: Setting CVar [[grass.DensityScale:1.0]]
[2022.12.11-18.57.22:464][  0]LogConfig: Applying CVar settings from Section [ShadingQuality@3] File [D:/GH_CTSG/CTSG_Project/CTSG/Saved/Config/Windows/Scalability.ini]
[2022.12.11-18.57.22:464][  0]LogConfig: Setting CVar [[r.HairStrands.SkyLighting.IntegrationType:2]]
[2022.12.11-18.57.22:464][  0]LogConfig: Setting CVar [[r.HairStrands.SkyAO.SampleCount:4]]
[2022.12.11-18.57.22:464][  0]LogConfig: Setting CVar [[r.HairStrands.Visibility.MSAA.SamplePerPixel:4]]
[2022.12.11-18.57.22:464][  0]LogConfig: Applying CVar settings from Section [Startup] File [../../../Engine/Config/ConsoleVariables.ini]
[2022.12.11-18.57.22:464][  0]LogConfig: Setting CVar [[net.UseAdaptiveNetUpdateFrequency:0]]
[2022.12.11-18.57.22:464][  0]LogConfig: Setting CVar [[p.chaos.AllowCreatePhysxBodies:1]]
[2022.12.11-18.57.22:464][  0]LogConfig: Setting CVar [[fx.SkipVectorVMBackendOptimizations:1]]
[2022.12.11-18.57.22:464][  0]LogConfig: Applying CVar settings from Section [ConsoleVariables] File [D:/GH_CTSG/CTSG_Project/CTSG/Saved/Config/Windows/Engine.ini]
[2022.12.11-18.57.22:464][  0]LogConfig: Applying CVar settings from Section [ConsoleVariables] File [D:/GH_CTSG/CTSG_Project/CTSG/Saved/Config/Windows/Editor.ini]
[2022.12.11-18.57.22:465][  0]LogInit: Computer: DESKTOP-BVGPQPL
[2022.12.11-18.57.22:465][  0]LogInit: User: gamez
[2022.12.11-18.57.22:465][  0]LogInit: CPU Page size=4096, Cores=6
[2022.12.11-18.57.22:465][  0]LogInit: High frequency timer resolution =10.000000 MHz
[2022.12.11-18.57.22:465][  0]LogMemory: Memory total: Physical=15.9GB (16GB approx)
[2022.12.11-18.57.22:465][  0]LogMemory: Platform Memory Stats for Windows
[2022.12.11-18.57.22:465][  0]LogMemory: Process Physical Memory: 145.19 MB used, 145.19 MB peak
[2022.12.11-18.57.22:465][  0]LogMemory: Process Virtual Memory: 130.22 MB used, 130.22 MB peak
[2022.12.11-18.57.22:465][  0]LogMemory: Physical Memory: 10048.64 MB used,  6248.77 MB free, 16297.40 MB total
[2022.12.11-18.57.22:465][  0]LogMemory: Virtual Memory: 134206656.00 MB used,  11068.82 MB free, 134217728.00 MB total
[2022.12.11-18.57.22:469][  0]LogWindows: WindowsPlatformFeatures enabled
[2022.12.11-18.57.22:507][  0]LogInit: Physics initialised using underlying interface: PhysX
[2022.12.11-18.57.22:507][  0]LogInit: Using OS detected language (en-US).
[2022.12.11-18.57.22:507][  0]LogInit: Using OS detected locale (en-US).
[2022.12.11-18.57.22:509][  0]LogTextLocalizationManager: No specific localization for 'en-US' exists, so the 'en' localization will be used.
[2022.12.11-18.57.22:681][  0]LogWindowsTextInputMethodSystem: Display: IME system deactivated.
[2022.12.11-18.57.22:720][  0]LogSlate: New Slate User Created.  User Index 0, Is Virtual User: 0
[2022.12.11-18.57.22:720][  0]LogSlate: Slate User Registered.  User Index 0, Is Virtual User: 0
[2022.12.11-18.57.22:743][  0]LogD3D11RHI: Loaded GFSDK_Aftermath_Lib.x64.dll
[2022.12.11-18.57.22:747][  0]LogHMD: Failed to initialize OpenVR with code 110
[2022.12.11-18.57.22:747][  0]LogD3D11RHI: D3D11 min allowed feature level: 11_0
[2022.12.11-18.57.22:747][  0]LogD3D11RHI: D3D11 max allowed feature level: 11_0
[2022.12.11-18.57.22:747][  0]LogD3D11RHI: D3D11 adapters:
[2022.12.11-18.57.22:828][  0]LogD3D11RHI:    0. 'NVIDIA GeForce RTX 2060' (Feature Level 11_0)
[2022.12.11-18.57.22:828][  0]LogD3D11RHI:       5968/0/8148 MB DedicatedVideo/DedicatedSystem/SharedSystem, Outputs:2, VendorId:0x10de
[2022.12.11-18.57.22:829][  0]LogD3D11RHI:    1. 'Microsoft Basic Render Driver' (Feature Level 11_0)
[2022.12.11-18.57.22:829][  0]LogD3D11RHI:       0/0/8148 MB DedicatedVideo/DedicatedSystem/SharedSystem, Outputs:0, VendorId:0x1414
[2022.12.11-18.57.22:829][  0]LogD3D11RHI: Chosen D3D11 Adapter:
[2022.12.11-18.57.22:829][  0]LogD3D11RHI:     Description : NVIDIA GeForce RTX 2060
[2022.12.11-18.57.22:829][  0]LogD3D11RHI:     VendorId    : 10de
[2022.12.11-18.57.22:829][  0]LogD3D11RHI:     DeviceId    : 1f08
[2022.12.11-18.57.22:829][  0]LogD3D11RHI:     SubSysId    : 12fd10de
[2022.12.11-18.57.22:829][  0]LogD3D11RHI:     Revision    : 00a1
[2022.12.11-18.57.22:829][  0]LogD3D11RHI:     DedicatedVideoMemory : 6257901568 bytes
[2022.12.11-18.57.22:829][  0]LogD3D11RHI:     DedicatedSystemMemory : 0 bytes
[2022.12.11-18.57.22:829][  0]LogD3D11RHI:     SharedSystemMemory : 8544532480 bytes
[2022.12.11-18.57.22:829][  0]LogD3D11RHI:     AdapterLuid : 0 61840
[2022.12.11-18.57.22:837][  0]LogD3D11RHI: Creating new Direct3DDevice
[2022.12.11-18.57.22:837][  0]LogD3D11RHI:     GPU DeviceId: 0x1f08 (for the marketing name, search the web for "GPU Device Id")
[2022.12.11-18.57.22:837][  0]LogWindows: EnumDisplayDevices:
[2022.12.11-18.57.22:837][  0]LogWindows:    0. 'NVIDIA GeForce RTX 2060' (P:1 D:1)
[2022.12.11-18.57.22:837][  0]LogWindows:    1. 'NVIDIA GeForce RTX 2060' (P:0 D:1)
[2022.12.11-18.57.22:837][  0]LogWindows:    2. 'NVIDIA GeForce RTX 2060' (P:0 D:0)
[2022.12.11-18.57.22:838][  0]LogWindows:    3. 'NVIDIA GeForce RTX 2060' (P:0 D:0)
[2022.12.11-18.57.22:838][  0]LogWindows: DebugString: FoundDriverCount:4 
[2022.12.11-18.57.22:838][  0]LogD3D11RHI:     Adapter Name: NVIDIA GeForce RTX 2060
[2022.12.11-18.57.22:838][  0]LogD3D11RHI:   Driver Version: 527.56 (internal:31.0.15.2756, unified:527.56)
[2022.12.11-18.57.22:838][  0]LogD3D11RHI:      Driver Date: 12-5-2022
[2022.12.11-18.57.22:838][  0]LogRHI: Texture pool is 4177 MB (70% of 5968 MB)
[2022.12.11-18.57.22:838][  0]LogD3D11RHI: Creating D3DDevice using adapter:
[2022.12.11-18.57.22:838][  0]LogD3D11RHI:     Description : NVIDIA GeForce RTX 2060
[2022.12.11-18.57.22:838][  0]LogD3D11RHI:     VendorId    : 10de
[2022.12.11-18.57.22:838][  0]LogD3D11RHI:     DeviceId    : 1f08
[2022.12.11-18.57.22:838][  0]LogD3D11RHI:     SubSysId    : 12fd10de
[2022.12.11-18.57.22:838][  0]LogD3D11RHI:     Revision    : 00a1
[2022.12.11-18.57.22:838][  0]LogD3D11RHI:     DedicatedVideoMemory : 6257901568 bytes
[2022.12.11-18.57.22:838][  0]LogD3D11RHI:     DedicatedSystemMemory : 0 bytes
[2022.12.11-18.57.22:838][  0]LogD3D11RHI:     SharedSystemMemory : 8544532480 bytes
[2022.12.11-18.57.22:838][  0]LogD3D11RHI:     AdapterLuid : 0 61840
[2022.12.11-18.57.22:883][  0]LogD3D11RHI: RHI has support for 64 bit atomics
[2022.12.11-18.57.22:883][  0]LogD3D11RHI: Async texture creation enabled
[2022.12.11-18.57.22:883][  0]LogD3D11RHI: Array index from any shader is supported
[2022.12.11-18.57.22:904][  0]LogD3D11RHI: GPU Timing Frequency: 1000.000000 (Debug: 2 2)
[2022.12.11-18.57.22:928][  0]LogRHI: GeForceNow SDK initialized: 1
[2022.12.11-18.57.23:127][  0]LogTargetPlatformManager: Display: Loaded TargetPlatform 'WindowsNoEditor'
[2022.12.11-18.57.23:131][  0]LogTargetPlatformManager: Display: Loaded TargetPlatform 'Windows'
[2022.12.11-18.57.23:135][  0]LogTargetPlatformManager: Display: Loaded TargetPlatform 'WindowsClient'
[2022.12.11-18.57.23:139][  0]LogTargetPlatformManager: Display: Loaded TargetPlatform 'WindowsServer'
[2022.12.11-18.57.23:139][  0]LogTargetPlatformManager: Display: Building Assets For Windows
[2022.12.11-18.57.23:145][  0]LogAudioDebug: Display: Lib vorbis DLL was dynamically loaded.
[2022.12.11-18.57.23:169][  0]LogTextureFormatOodle: Display: Oodle Texture 2.9.0 init RDO Off
[2022.12.11-18.57.23:195][  0]LogRendererCore: Ray tracing is disabled. Reason: r.RayTracing=0.
[2022.12.11-18.57.23:195][  0]LogShaderCompilers: Guid format shader working directory is 9 characters bigger than the processId version (../../../../GH_CTSG/CTSG_Project/CTSG/Intermediate/Shaders/WorkingDirectory/4896/).
[2022.12.11-18.57.23:195][  0]LogShaderCompilers: Cleaned the shader compiler working directory 'C:/Users/gamez/AppData/Local/Temp/UnrealShaderWorkingDir/15C276FD45CBEA47D109BAA4E8889626/'.
[2022.12.11-18.57.23:195][  0]LogXGEController: Cannot use XGE Controller as Incredibuild is not installed on this machine.
[2022.12.11-18.57.23:195][  0]LogShaderCompilers: Cannot use XGE Shader Compiler as Incredibuild is not installed on this machine.
[2022.12.11-18.57.23:195][  0]LogShaderCompilers: Display: Using Local Shader Compiler.
[2022.12.11-18.57.23:764][  0]LogDerivedDataCache: Display: Max Cache Size: 512 MB
[2022.12.11-18.57.23:832][  0]LogDerivedDataCache: Loaded boot cache 0.07s 145MB C:/Users/gamez/AppData/Local/UnrealEngine/4.27/DerivedDataCache/Boot.ddc.
[2022.12.11-18.57.23:833][  0]LogDerivedDataCache: Display: Loaded Boot cache: C:/Users/gamez/AppData/Local/UnrealEngine/4.27/DerivedDataCache/Boot.ddc
[2022.12.11-18.57.23:833][  0]LogDerivedDataCache: FDerivedDataBackendGraph:  Pak pak cache file ../../../../GH_CTSG/CTSG_Project/CTSG/DerivedDataCache/DDC.ddp not found, will not use a pak cache.
[2022.12.11-18.57.23:833][  0]LogDerivedDataCache: Unable to find inner node Pak for hierarchical cache Hierarchy.
[2022.12.11-18.57.23:833][  0]LogDerivedDataCache: FDerivedDataBackendGraph:  CompressedPak pak cache file ../../../../GH_CTSG/CTSG_Project/CTSG/DerivedDataCache/Compressed.ddp not found, will not use a pak cache.
[2022.12.11-18.57.23:833][  0]LogDerivedDataCache: Unable to find inner node CompressedPak for hierarchical cache Hierarchy.
[2022.12.11-18.57.23:848][  0]LogDerivedDataCache: Display: Pak cache opened for reading ../../../Engine/DerivedDataCache/Compressed.ddp.
[2022.12.11-18.57.23:848][  0]LogDerivedDataCache: FDerivedDataBackendGraph:  EnterprisePak pak cache file ../../../Enterprise/DerivedDataCache/Compressed.ddp not found, will not use a pak cache.
[2022.12.11-18.57.23:848][  0]LogDerivedDataCache: Unable to find inner node EnterprisePak for hierarchical cache Hierarchy.
[2022.12.11-18.57.23:854][  0]LogDerivedDataCache: Speed tests for C:/Users/gamez/AppData/Local/UnrealEngine/Common/DerivedDataCache took 0.01 seconds
[2022.12.11-18.57.23:854][  0]LogDerivedDataCache: Display: Performance to C:/Users/gamez/AppData/Local/UnrealEngine/Common/DerivedDataCache: Latency=0.02ms. RandomReadSpeed=1628.46MBs, RandomWriteSpeed=177.69MBs. Assigned SpeedClass 'Local'
[2022.12.11-18.57.23:855][  0]LogDerivedDataCache: Using Local data cache path C:/Users/gamez/AppData/Local/UnrealEngine/Common/DerivedDataCache: Writable
[2022.12.11-18.57.23:855][  0]LogDerivedDataCache: Shared data cache path not found in *engine.ini, will not use an Shared cache.
[2022.12.11-18.57.23:855][  0]LogDerivedDataCache: Unable to find inner node Shared for hierarchical cache Hierarchy.
[2022.12.11-18.57.23:888][  0]LogSlate: Using FreeType 2.10.0
[2022.12.11-18.57.23:889][  0]LogSlate: SlateFontServices - WITH_FREETYPE: 1, WITH_HARFBUZZ: 1
[2022.12.11-18.57.23:948][  0]LogInit: Using OS detected language (en-US).
[2022.12.11-18.57.23:948][  0]LogInit: Using OS detected locale (en-US).
[2022.12.11-18.57.23:948][  0]LogTextLocalizationManager: No localization for 'en-US' exists, so 'en' will be used for the language.
[2022.12.11-18.57.23:948][  0]LogTextLocalizationManager: No localization for 'en-US' exists, so 'en' will be used for the locale.
[2022.12.11-18.57.23:948][  0]LogSlate: FontCache flush requested. Reason: Culture for localization was changed
[2022.12.11-18.57.23:948][  0]LogSlate: FontCache flush requested. Reason: Culture for localization was changed
[2022.12.11-18.57.23:952][  0]LogTextLocalizationManager: Compacting localization data took   0.00ms
[2022.12.11-18.57.23:952][  0]LogAssetRegistry: FAssetRegistry took 0.0015 seconds to start up
[2022.12.11-18.57.24:084][  0]LogPackageLocalizationCache: Processed 27 localized package path(s) for 1 prioritized culture(s) in 0.001097 seconds
[2022.12.11-18.57.24:131][  0]LogInit: Selected Device Profile: [Windows]
[2022.12.11-18.57.24:131][  0]LogInit: Active device profile: [000001BF61717200][000001BF58F0F0C0 49] Windows
[2022.12.11-18.57.24:132][  0]LogInit: Profiles: [000001BF61717200][000001BF58F0F0C0 49] Windows, [000001BF616C5000][000001BF58F17240 49] WindowsNoEditor, [000001BF61715000][000001BF58F1B3C0 49] WindowsServer, [000001BF616C6A00][000001BF60617540 49] WindowsClient, [000001BF61716900][000001BF6061B6C0 49] IOS, [000001BF616C5900][000001BF58F13800 49] iPadAir, [000001BF61715800][000001BF6061F940 49] iPadAir2, [000001BF61677900][000001BF6062BBC0 49] IPadPro, [000001BF61677A00][000001BF60623C00 49] iPadAir3, [000001BF61716300][000001BF6062E200 49] iPadAir4, [000001BF61675500][000001BF60632380 49] iPadMini2, [000001BF61717700][000001BF60636500 49] iPadMini3, [000001BF61676400][000001BF6063A680 49] iPadMini4, [000001BF61714800][000001BF6063E800 49] iPadMini5, [000001BF6168F200][000001BF60646AC0 49] iPhone6, [000001BF6168F300][000001BF60642B00 49] iPodTouch6, [000001BF61674500][000001BF6064EDC0 49] iPhone7, [000001BF61674400][000001BF6064AE00 49] iPodTouch7, [000001BF6168D400][000001BF60652F80 49] iPhone5S, [000001BF61676200][000001BF60657100 49] iPhone6Plus, [000001BF6168E500][000001BF6065B280 49] iPhone6S, [000001BF61675300][000001BF6065F400 49] iPhone6SPlus, [000001BF6168DC00][000001BF60663580 49] iPhone7Plus, [000001BF61675700][000001BF60667700 49] iPhoneSE, [000001BF6168CE00][000001BF6066B880 49] iPhone8, [000001BF61674E00][000001BF606279C0 49] iPhone8Plus, [000001BF6168ED00][000001BF6066FB00 49] iPhoneX, [000001BF61674A00][000001BF606720C0 49] iPhoneXS, [000001BF6168F900][000001BF6067A240 49] iPhoneXSMax, [000001BF61675800][000001BF6067E3C0 49] iPhoneXR, [000001BF6168FD00][000001BF60682540 49] iPhone11, [000001BF61674200][000001BF606866C0 49] iPhone11Pro, [000001BF6168CD00][000001BF6068A840 49] iPhone11ProMax, [000001BF61674D00][000001BF6068E9C0 49] iPhoneSE2, [000001BF6168E400][000001BF60692B40 49] iPhone12Mini, [000001BF61675000][000001BF60696CC0 49] iPhone12, [000001BF6168D700][000001BF6069AE40 49] iPhone12Pro, [000001BF61677B00][000001BF6069EFC0 49] iPhone12ProMax, [000001BF6168D600][000001BF606A3140 49] iPadPro105, [000001BF61677600][000001BF606A72C0 49] iPadPro129, [000001BF6168F700][000001BF606AB440 49] iPadPro97, [000001BF61676900][000001BF606AF5C0 49] iPadPro2_129, [000001BF6168D300][000001BF606B3740 49] iPad5, [000001BF61674700][000001BF606B78C0 49] iPad6, [000001BF6168C300][000001BF606BBA40 49] iPad7, [000001BF61675200][000001BF60677B80 49] iPad8, [000001BF6168FF00][000001BF606BE140 49] iPadPro11, [000001BF61675C00][000001BF606C2280 49] iPadPro2_11, [000001BF6168CB00][000001BF606C63C0 49] iPadPro3_129, [000001BF61677500][000001BF606CE540 49] iPadPro4_129, [000001BF6168EF00][000001BF606D26C0 49] AppleTV, [000001BF61674600][000001BF606D6840 49] AppleTV4K, [000001BF6168D100][000001BF606DA9C0 49] TVOS, [000001BF61676A00][000001BF606DEB40 49] Mac, [000001BF6168DF00][000001BF606E2CC0 49] MacClient, [000001BF61674C00][000001BF606E6E40 49] MacNoEditor, [000001BF6168EB00][000001BF606EAFC0 49] MacServer, [000001BF61676300][000001BF606EF140 49] Linux, [000001BF616C6300][000001BF606F32C0 49] LinuxAArch64, [000001BF61750C00][000001BF606F7440 49] LinuxNoEditor, [000001BF616C4A00][000001BF606FB5C0 49] LinuxAArch64NoEditor, [000001BF61750E00][000001BF606FF740 49] LinuxClient, [000001BF616C7200][000001BF607038C0 49] LinuxAArch64Client, [000001BF61751B00][000001BF60707A40 49] LinuxServer, [000001BF616C7B00][000001BF6070BBC0 49] LinuxAArch64Server, [000001BF61751A00][000001BF606CA180 49] Android, [000001BF616C5800][000001BF6070E2C0 49] Android_Low, [000001BF61751900][000001BF60712400 49] Android_Mid, [000001BF616C4C00][000001BF60716540 49] Android_High, [000001BF61751100][000001BF6071E6C0 49] Android_Default, [000001BF616C5A00][000001BF60722840 49] Android_Adreno4xx, [000001BF61751E00][000001BF607269C0 49] Android_Adreno5xx_Low, [000001BF616C5400][000001BF6072AB40 49] Android_Adreno5xx, [000001BF61751000][000001BF6072ECC0 49] Android_Adreno6xx, [000001BF616C4600][000001BF60732E40 49] Android_Adreno6xx_Vulkan, [000001BF61750900][000001BF60736FC0 49] Android_Mali_T6xx, [000001BF616C5100][000001BF6073B140 49] Android_Mali_T7xx, [000001BF61751800][000001BF6073F2C0 49] Android_Mali_T8xx, [000001BF61676600][000001BF60743440 49] Android_Mali_G71, [000001BF6168C500][000001BF607475C0 49] Android_Mali_G72, [000001BF61674300][000001BF6074B740 49] Android_Mali_G72_Vulkan, [000001BF6168E000][000001BF6074F8C0 49] Android_Mali_G76, [000001BF61677200][000001BF60753A40 49] Android_Mali_G76_Vulkan, [000001BF6168D500][000001BF60757BC0 49] Android_Mali_G77, [000001BF61675600][000001BF6075A1C0 49] Android_Mali_G77_Vulkan, [000001BF6168F800][000001BF5932A340 49] Android_Mali_G78, [000001BF61674800][000001BF6071A480 49] Android_Mali_G78_Vulkan, [000001BF6168DD00][000001BF5932E5C0 49] Android_Mali_G710, [000001BF61677800][000001BF59332700 49] Android_Mali_G710_Vulkan, [000001BF61750800][000001BF5933A880 49] Android_Vulkan_SM5, [000001BF61675D00][000001BF5933EA00 49] Android_PowerVR_G6xxx, [000001BF61750D00][000001BF59342B80 49] Android_PowerVR_GT7xxx, [000001BF61677400][000001BF59346D00 49] Android_PowerVR_GE8xxx, [000001BF61750F00][000001BF5934AE80 49] Android_PowerVR_GM9xxx, [000001BF61676100][000001BF61771000 49] Android_PowerVR_GM9xxx_Vulkan, [000001BF61750A00][000001BF61775180 49] Android_TegraK1, [000001BF61677000][000001BF61779300 49] Android_Unknown_Vulkan, [000001BF61750100][000001BF6177D480 49] Lumin, [000001BF61675F00][000001BF61781600 49] Lumin_Desktop, [000001BF61751F00][000001BF61785780 49] HoloLens, 
[2022.12.11-18.57.24:165][  0]LogMeshReduction: Using QuadricMeshReduction for automatic static mesh reduction
[2022.12.11-18.57.24:165][  0]LogMeshReduction: Using SimplygonMeshReduction for automatic skeletal mesh reduction
[2022.12.11-18.57.24:165][  0]LogMeshReduction: Using ProxyLODMeshReduction for automatic mesh merging
[2022.12.11-18.57.24:165][  0]LogMeshReduction: No distributed automatic mesh merging module available
[2022.12.11-18.57.24:165][  0]LogMeshMerging: No distributed automatic mesh merging module available
[2022.12.11-18.57.24:258][  0]LogNetVersion: CTSG 1.0.0, NetCL: 17155196, EngineNetVer: 17, GameNetVer: 0 (Checksum: 3362744262)
[2022.12.11-18.57.24:439][  0]LogTexture: Default maximum texture size for cubemaps generated from long-lat sources has been changed from 512 to unlimited. In order to preserve old behaiour for '/Engine/MapTemplates/Sky/DaylightAmbientCubemap.DaylightAmbientCubemap', its maximum texture size has been explicitly set to 512.
[2022.12.11-18.57.24:491][  0]LogHMD: PokeAHoleMaterial loaded successfully
[2022.12.11-18.57.24:571][  0]LogMoviePlayer: Initializing movie player
[2022.12.11-18.57.24:663][  0]LogNiagaraDebuggerClient: Niagara Debugger Client Initialized | Session: E713D0F54B9FB3E506637D896158664B | Instance: 891EB2B5414EF44B0B06EEB918FA9C41 (DESKTOP-BVGPQPL-4896).
[2022.12.11-18.57.24:678][  0]LogCollectionManager: Loaded 0 collections in 0.000499 seconds
[2022.12.11-18.57.24:679][  0]LogFileCache: Scanning file cache for directory 'D:/GH_CTSG/CTSG_Project/CTSG/Saved/Collections/' took 0.00s
[2022.12.11-18.57.24:679][  0]LogFileCache: Scanning file cache for directory 'D:/GH_CTSG/CTSG_Project/CTSG/Content/Developers/gamez/Collections/' took 0.00s
[2022.12.11-18.57.24:679][  0]LogFileCache: Scanning file cache for directory 'D:/GH_CTSG/CTSG_Project/CTSG/Content/Collections/' took 0.00s
[2022.12.11-18.57.24:679][  0]LogCollectionManager: Fixed up redirectors for 0 collections in 0.000001 seconds (updated 0 objects)
[2022.12.11-18.57.24:753][  0]LogTcpMessaging: Initializing TcpMessaging bridge
[2022.12.11-18.57.24:756][  0]LogUdpMessaging: Initializing bridge on interface 0.0.0.0:0 to multicast group 230.0.0.1:6666.
[2022.12.11-18.57.24:767][  0]LogPython: Using Python 3.7.7
[2022.12.11-18.57.25:128][  0]SourceControl: Source control is disabled
[2022.12.11-18.57.25:128][  0]SourceControl: Source control is disabled
[2022.12.11-18.57.25:131][  0]SourceControl: Source control is disabled
[2022.12.11-18.57.25:135][  0]LogUProjectInfo: Found projects:
[2022.12.11-18.57.25:249][  0]LogOpenImageDenoise: OIDN starting up
[2022.12.11-18.57.25:262][  0]LogAndroidPermission: UAndroidPermissionCallbackProxy::GetInstance
[2022.12.11-18.57.25:267][  0]LogAudioCaptureCore: Display: No Audio Capture implementations found. Audio input will be silent.
[2022.12.11-18.57.25:267][  0]LogAudioCaptureCore: Display: No Audio Capture implementations found. Audio input will be silent.
[2022.12.11-18.57.25:321][  0]LogOcInput: OculusInput pre-init called
[2022.12.11-18.57.25:329][  0]LogUObjectArray: 22121 objects as part of root set at end of initial load.
[2022.12.11-18.57.25:329][  0]LogUObjectAllocator: 5975632 out of 0 bytes used by permanent object pool.
[2022.12.11-18.57.25:329][  0]LogUObjectArray: CloseDisregardForGC: 0/0 objects in disregard for GC pool
[2022.12.11-18.57.25:367][  0]LogEngine: Initializing Engine...
[2022.12.11-18.57.25:369][  0]LogHMD: Failed to enumerate extensions. Please check that you have a valid OpenXR runtime installed.
[2022.12.11-18.57.25:369][  0]LogHMD: Failed to initialize OpenVR with code 110
[2022.12.11-18.57.25:369][  0]LogMagicLeap: Warning: VR disabled because ZI is not enabled.  To enable, in the editor, Edit -> Project Settings -> Plugins -> Magic Leap Plugin -> Enable Zero Iteration
[2022.12.11-18.57.25:371][  0]LogStats: UGameplayTagsManager::InitializeManager -  0.000 s
[2022.12.11-18.57.25:453][  0]LogInit: Initializing FReadOnlyCVARCache
[2022.12.11-18.57.25:453][  0]LogAudio: Display: Initializing Audio Device Manager...
[2022.12.11-18.57.25:457][  0]LogAudio: Display: Loading Default Audio Settings Objects...
[2022.12.11-18.57.25:457][  0]LogAudio: Display: No default SoundConcurrencyObject specified (or failed to load).
[2022.12.11-18.57.25:457][  0]LogAudio: Display: Audio Device Manager Initialized
[2022.12.11-18.57.25:457][  0]LogAudio: Display: Creating Audio Device:                 Id: 1, Scope: Shared, Realtime: True
[2022.12.11-18.57.25:457][  0]LogAudioMixer: Display: Audio Mixer Platform Settings:
[2022.12.11-18.57.25:457][  0]LogAudioMixer: Display: 	Sample Rate:						  48000
[2022.12.11-18.57.25:457][  0]LogAudioMixer: Display: 	Callback Buffer Frame Size Requested: 1024
[2022.12.11-18.57.25:457][  0]LogAudioMixer: Display: 	Callback Buffer Frame Size To Use:	  1024
[2022.12.11-18.57.25:457][  0]LogAudioMixer: Display: 	Number of buffers to queue:			  2
[2022.12.11-18.57.25:457][  0]LogAudioMixer: Display: 	Max Channels (voices):				  32
[2022.12.11-18.57.25:457][  0]LogAudioMixer: Display: 	Number of Async Source Workers:		  0
[2022.12.11-18.57.25:457][  0]LogAudio: Display: AudioDevice MaxSources: 32
[2022.12.11-18.57.25:458][  0]LogAudio: Display: Audio Spatialization Plugin: None (built-in).
[2022.12.11-18.57.25:458][  0]LogAudio: Display: Audio Reverb Plugin: None (built-in).
[2022.12.11-18.57.25:458][  0]LogAudio: Display: Audio Occlusion Plugin: None (built-in).
[2022.12.11-18.57.25:458][  0]LogAudioMixer: Display: Initializing audio mixer.
[2022.12.11-18.57.25:467][  0]LogAudioMixer: Display: 0: FrontLeft
[2022.12.11-18.57.25:468][  0]LogAudioMixer: Display: 1: FrontRight
[2022.12.11-18.57.25:484][  0]LogAudioMixer: Display: Using Audio Device Speakers (Realtek(R) Audio)
[2022.12.11-18.57.25:489][  0]LogAudioMixer: Display: Initializing Sound Submixes...
[2022.12.11-18.57.25:491][  0]LogAudioMixer: Display: Creating Master Submix 'MasterSubmixDefault'
[2022.12.11-18.57.25:491][  0]LogAudioMixer: Display: Creating Master Submix 'MasterReverbSubmixDefault'
[2022.12.11-18.57.25:492][  0]LogAudioMixer: Display: Creating Master Submix 'MasterEQSubmixDefault'
[2022.12.11-18.57.25:492][  0]LogAudioMixer: FMixerPlatformXAudio2::StartAudioStream() called
[2022.12.11-18.57.25:492][  0]LogAudioMixer: Display: Output buffers initialized: Frames=1024, Channels=2, Samples=2048
[2022.12.11-18.57.25:493][  0]LogAudioMixer: Display: Starting AudioMixerPlatformInterface::RunInternal()
[2022.12.11-18.57.25:493][  0]LogAudioMixer: Display: FMixerPlatformXAudio2::SubmitBuffer() called for the first time
[2022.12.11-18.57.25:493][  0]LogInit: FAudioDevice initialized.
[2022.12.11-18.57.25:495][  0]LogNetVersion: Set ProjectVersion to 1.0.0.0. Version Checksum will be recalculated on next use.
[2022.12.11-18.57.25:498][  0]LogInit: Texture streaming: Disabled
[2022.12.11-18.57.25:553][  0]LogAudio: Display: Audio Device (ID: 1) registered with world 'Untitled'.
[2022.12.11-18.57.25:554][  0]LogSlate: Updating window title bar state: overlay mode, drag disabled, window buttons hidden, title bar hidden
[2022.12.11-18.57.25:555][  0]LogInit: Display: Game Engine Initialized.
[2022.12.11-18.57.25:555][  0]LogNiagaraEditor: GEditor isn't valid! Particle reset commands will not work for Niagara components!
[2022.12.11-18.57.25:642][  0]LogInit: Display: Starting Game.
[2022.12.11-18.57.25:644][  0]LogNet: Browse: /Game/MapPJ/Menu?Name=Player
[2022.12.11-18.57.25:644][  0]LogLoad: LoadMap: /Game/MapPJ/Menu?Name=Player
[2022.12.11-18.57.25:644][  0]LogWorld: BeginTearingDown for /Temp/Untitled_0
[2022.12.11-18.57.25:648][  0]LogWorld: UWorld::CleanupWorld for Untitled, bSessionEnded=true, bCleanupResources=true
[2022.12.11-18.57.25:648][  0]LogSlate: InvalidateAllWidgets triggered.  All widgets were invalidated
[2022.12.11-18.57.25:652][  0]LogAudio: Display: Audio Device unregistered from world 'None'.
[2022.12.11-18.57.25:654][  0]LogUObjectHash: Compacting FUObjectHashTables data took   0.59ms
[2022.12.11-18.57.26:449][  0]LogAudio: Display: Audio Device (ID: 1) registered with world 'Menu'.
[2022.12.11-18.57.26:455][  0]LogAIModule: Creating AISystem for world Menu
[2022.12.11-18.57.26:456][  0]LogLoad: Game class is 'GameMode'
[2022.12.11-18.57.26:463][  0]LogWorld: Bringing World /Game/MapPJ/Menu.Menu up for play (max tick rate 0) at 2022.12.12-01.57.26
[2022.12.11-18.57.26:464][  0]LogWorld: Bringing up level for play took: 0.007889
[2022.12.11-18.57.26:473][  0]LogGameMode: Display: Match State Changed from EnteringMap to WaitingToStart
[2022.12.11-18.57.26:473][  0]LogGameState: Match State Changed from EnteringMap to WaitingToStart
[2022.12.11-18.57.26:473][  0]LogGameMode: Display: Match State Changed from WaitingToStart to InProgress
[2022.12.11-18.57.26:483][  0]LogGameState: Match State Changed from WaitingToStart to InProgress
[2022.12.11-18.57.26:484][  0]LogLoad: Took 0.839739 seconds to LoadMap(/Game/MapPJ/Menu)
[2022.12.11-18.57.26:613][  0]LogSlate: Took 0.000236 seconds to synchronously load lazily loaded font '../../../Engine/Content/Slate/Fonts/Roboto-Regular.ttf' (155K)
[2022.12.11-18.57.26:678][  0]LogRenderer: Reallocating scene render targets to support 2552x1360 Format 10 NumSamples 1 (Frame:1).
[2022.12.11-18.57.26:678][  0]LogInit: Display: Engine is initialized. Leaving FEngineLoop::Init()
[2022.12.11-18.57.26:678][  0]LogLoad: (Engine Initialization) Total time: 5.35 seconds
[2022.12.11-18.57.26:678][  0]LogLoad: (Engine Initialization) Total Blueprint compile time: 0.00 seconds
[2022.12.11-18.57.26:717][  0]LogSlate: InvalidateAllWidgets triggered.  All widgets were invalidated
[2022.12.11-18.57.26:908][  1]LogSlate: Took 0.000199 seconds to synchronously load lazily loaded font '../../../Engine/Content/Slate/Fonts/Roboto-Regular.ttf' (155K)
[2022.12.11-18.57.38:490][156]LogWindowsDesktop: Alt-F4 pressed!
[2022.12.11-18.57.38:508][156]LogSlate: Window 'CTSG (64-bit Development PCD3D_SM5) ' being destroyed
[2022.12.11-18.57.38:509][156]LogWindowsTextInputMethodSystem: Display: IME system deactivated.
[2022.12.11-18.57.38:524][156]LogSlate: Updating window title bar state: overlay mode, drag disabled, window buttons hidden, title bar hidden
[2022.12.11-18.57.38:524][156]LogEngine: All Windows Closed
[2022.12.11-18.57.38:524][156]LogWindows: FPlatformMisc::RequestExit(0)
[2022.12.11-18.57.38:524][156]LogWindows: FPlatformMisc::RequestExitWithStatus(0, 0)
[2022.12.11-18.57.38:524][156]LogCore: Engine exit requested (reason: Win RequestExit)
[2022.12.11-18.57.38:525][157]LogCore: Engine exit requested (reason: EngineExit() was called; note: exit was already requested)
[2022.12.11-18.57.38:525][157]LogInit: Display: PreExit Game.
[2022.12.11-18.57.38:534][157]LogWorld: BeginTearingDown for /Game/MapPJ/Menu
[2022.12.11-18.57.38:535][157]LogWorld: UWorld::CleanupWorld for Menu, bSessionEnded=true, bCleanupResources=true
[2022.12.11-18.57.38:535][157]LogSlate: InvalidateAllWidgets triggered.  All widgets were invalidated
[2022.12.11-18.57.39:380][157]LogAudio: Display: Beginning Audio Device Manager Shutdown (Module: AudioMixerXAudio2)...
[2022.12.11-18.57.39:380][157]LogAudio: Display: Destroying 1 Remaining Audio Device(s)...
[2022.12.11-18.57.39:380][157]LogAudio: Display: Audio Device unregistered from world 'Menu'.
[2022.12.11-18.57.39:431][157]LogAudioMixer: FMixerPlatformXAudio2::StopAudioStream() called
[2022.12.11-18.57.39:431][157]LogAudioMixer: FMixerPlatformXAudio2::StopAudioStream() called
[2022.12.11-18.57.39:434][157]LogAudio: Display: Audio Device Manager Shutdown
[2022.12.11-18.57.39:437][157]LogExit: Preparing to exit.
[2022.12.11-18.57.39:443][157]LogSlate: Updating window title bar state: overlay mode, drag disabled, window buttons hidden, title bar hidden
[2022.12.11-18.57.39:444][157]LogUObjectHash: Compacting FUObjectHashTables data took   0.73ms
[2022.12.11-18.57.39:770][157]LogMoviePlayer: Shutting down movie player
[2022.12.11-18.57.39:969][157]LogDemo: Cleaned up 0 splitscreen connections with owner deletion
[2022.12.11-18.57.39:974][157]LogExit: Game engine shut down
[2022.12.11-18.57.40:022][157]LogExit: Object subsystem successfully closed.
[2022.12.11-18.57.40:030][157]LogShaderCompilers: Display: === FShaderJobCache stats ===
[2022.12.11-18.57.40:030][157]LogShaderCompilers: Display: Total job queries 0, among them cache hits 0 (0.00%)
[2022.12.11-18.57.40:030][157]LogShaderCompilers: Display: Tracking 0 distinct input hashes that result in 0 distinct outputs (0.00%)
[2022.12.11-18.57.40:030][157]LogShaderCompilers: Display: RAM used: 0.00 MB (0.00 GB) of 819.20 MB (0.80 GB) budget. Usage: 0.00%
[2022.12.11-18.57.40:030][157]LogShaderCompilers: Display: ================================================
[2022.12.11-18.57.40:043][157]LogShaderCompilers: Display: Shaders left to compile 0
[2022.12.11-18.57.40:049][157]LogModuleManager: Shutting down and abandoning module SequenceRecorderSections (558)
[2022.12.11-18.57.40:049][157]LogModuleManager: Shutting down and abandoning module SequenceRecorder (556)
[2022.12.11-18.57.40:049][157]LogModuleManager: Shutting down and abandoning module AutomationController (554)
[2022.12.11-18.57.40:049][157]LogModuleManager: Shutting down and abandoning module AutomationWorker (552)
[2022.12.11-18.57.40:049][157]LogModuleManager: Shutting down and abandoning module Voice (550)
[2022.12.11-18.57.40:049][157]LogModuleManager: Shutting down and abandoning module AIModule (548)
[2022.12.11-18.57.40:049][157]LogModuleManager: Shutting down and abandoning module GameplayDebugger (547)
[2022.12.11-18.57.40:049][157]LogModuleManager: Shutting down and abandoning module AITestSuite (545)
[2022.12.11-18.57.40:049][157]LogModuleManager: Shutting down and abandoning module NavigationSystem (543)
[2022.12.11-18.57.40:049][157]LogModuleManager: Shutting down and abandoning module SteamVREditor (540)
[2022.12.11-18.57.40:049][157]LogModuleManager: Shutting down and abandoning module ToolMenus (539)
[2022.12.11-18.57.40:049][157]LogModuleManager: Shutting down and abandoning module OculusMR (536)
[2022.12.11-18.57.40:049][157]LogModuleManager: Shutting down and abandoning module OpenXRInput (534)
[2022.12.11-18.57.40:049][157]LogModuleManager: Shutting down and abandoning module TakeRecorderSources (532)
[2022.12.11-18.57.40:049][157]LogModuleManager: Shutting down and abandoning module TakeRecorder (531)
[2022.12.11-18.57.40:049][157]LogModuleManager: Shutting down and abandoning module TakeTrackRecorders (528)
[2022.12.11-18.57.40:049][157]LogModuleManager: Shutting down and abandoning module TakesCore (526)
[2022.12.11-18.57.40:049][157]LogModuleManager: Shutting down and abandoning module PlanarCut (524)
[2022.12.11-18.57.40:049][157]LogModuleManager: Shutting down and abandoning module CharacterAI (522)
[2022.12.11-18.57.40:049][157]LogModuleManager: Shutting down and abandoning module WebMMediaFactory (520)
[2022.12.11-18.57.40:049][157]LogModuleManager: Shutting down and abandoning module WebMMedia (518)
[2022.12.11-18.57.40:049][157]LogModuleManager: Shutting down and abandoning module WmfMediaFactory (516)
[2022.12.11-18.57.40:049][157]LogModuleManager: Shutting down and abandoning module OpenExrWrapper (514)
[2022.12.11-18.57.40:049][157]LogModuleManager: Shutting down and abandoning module ImgMediaFactory (512)
[2022.12.11-18.57.40:049][157]LogModuleManager: Shutting down and abandoning module AvfMediaFactory (510)
[2022.12.11-18.57.40:049][157]LogModuleManager: Shutting down and abandoning module MagicLeapMediaCodecFactory (508)
[2022.12.11-18.57.40:049][157]LogModuleManager: Shutting down and abandoning module MagicLeapMediaFactory (506)
[2022.12.11-18.57.40:049][157]LogModuleManager: Shutting down and abandoning module SessionServices (504)
[2022.12.11-18.57.40:049][157]LogModuleManager: Shutting down and abandoning module MovieSceneCapture (502)
[2022.12.11-18.57.40:050][157]LogModuleManager: Shutting down and abandoning module LiveCoding (500)
[2022.12.11-18.57.40:050][157]LogModuleManager: Shutting down and abandoning module LevelSequence (498)
[2022.12.11-18.57.40:050][157]LogModuleManager: Shutting down and abandoning module MovieSceneTracks (496)
[2022.12.11-18.57.40:050][157]LogModuleManager: Shutting down and abandoning module MovieScene (494)
[2022.12.11-18.57.40:050][157]LogModuleManager: Shutting down and abandoning module StreamingPauseRendering (492)
[2022.12.11-18.57.40:050][157]LogModuleManager: Shutting down and abandoning module PortalServices (490)
[2022.12.11-18.57.40:050][157]LogModuleManager: Shutting down and abandoning module PortalRpc (488)
[2022.12.11-18.57.40:050][157]LogModuleManager: Shutting down and abandoning module MessagingRpc (486)
[2022.12.11-18.57.40:050][157]LogModuleManager: Shutting down and abandoning module AudioMixerXAudio2 (484)
[2022.12.11-18.57.40:050][157]LogModuleManager: Shutting down and abandoning module AudioMixerCore (483)
[2022.12.11-18.57.40:050][157]LogModuleManager: Shutting down and abandoning module ImageWriteQueue (480)
[2022.12.11-18.57.40:052][157]LogModuleManager: Shutting down and abandoning module ProfilerService (478)
[2022.12.11-18.57.40:121][157]LogModuleManager: Shutting down and abandoning module TaskGraph (476)
[2022.12.11-18.57.40:121][157]LogModuleManager: Shutting down and abandoning module OculusInput (474)
[2022.12.11-18.57.40:121][157]LogModuleManager: Shutting down and abandoning module ArchVisCharacter (472)
[2022.12.11-18.57.40:121][157]LogModuleManager: Shutting down and abandoning module Synthesis (470)
[2022.12.11-18.57.40:121][157]LogModuleManager: Shutting down and abandoning module ProceduralMeshComponent (468)
[2022.12.11-18.57.40:121][157]LogModuleManager: Shutting down and abandoning module MobilePatchingUtils (466)
[2022.12.11-18.57.40:121][157]LogModuleManager: Shutting down and abandoning module GooglePAD (464)
[2022.12.11-18.57.40:121][157]LogModuleManager: Shutting down and abandoning module EditableMesh (462)
[2022.12.11-18.57.40:121][157]LogModuleManager: Shutting down and abandoning module CustomMeshComponent (460)
[2022.12.11-18.57.40:121][157]LogModuleManager: Shutting down and abandoning module CableComponent (458)
[2022.12.11-18.57.40:121][157]LogModuleManager: Shutting down and abandoning module AudioCapture (456)
[2022.12.11-18.57.40:121][157]LogModuleManager: Shutting down and abandoning module AudioCaptureRtAudio (455)
[2022.12.11-18.57.40:121][157]LogModuleManager: Shutting down and abandoning module AndroidPermission (452)
[2022.12.11-18.57.40:121][157]LogModuleManager: Shutting down and abandoning module AssetTags (450)
[2022.12.11-18.57.40:121][157]LogModuleManager: Shutting down and abandoning module AppleImageUtilsBlueprintSupport (448)
[2022.12.11-18.57.40:121][157]LogModuleManager: Shutting down and abandoning module AppleImageUtils (446)
[2022.12.11-18.57.40:121][157]LogModuleManager: Shutting down and abandoning module TakeMovieScene (444)
[2022.12.11-18.57.40:121][157]LogModuleManager: Shutting down and abandoning module ActorLayerUtilities (442)
[2022.12.11-18.57.40:121][157]LogModuleManager: Shutting down and abandoning module OpenImageDenoise (440)
[2022.12.11-18.57.40:121][157]LogOpenImageDenoise: OIDN shutting down
[2022.12.11-18.57.40:121][157]LogModuleManager: Shutting down and abandoning module MotoSynth (438)
[2022.12.11-18.57.40:121][157]LogModuleManager: Shutting down and abandoning module GeometryCollectionTracks (436)
[2022.12.11-18.57.40:121][157]LogModuleManager: Shutting down and abandoning module GeometryCollectionSequencer (435)
[2022.12.11-18.57.40:121][157]LogModuleManager: Shutting down and abandoning module MeshConversion (432)
[2022.12.11-18.57.40:121][157]LogModuleManager: Shutting down and abandoning module DynamicMesh (430)
[2022.12.11-18.57.40:121][157]LogModuleManager: Shutting down and abandoning module GeometryAlgorithms (428)
[2022.12.11-18.57.40:121][157]LogModuleManager: Shutting down and abandoning module GeometricObjects (426)
[2022.12.11-18.57.40:121][157]LogModuleManager: Shutting down and abandoning module GeometryCacheTracks (424)
[2022.12.11-18.57.40:121][157]LogModuleManager: Shutting down and abandoning module GeometryCacheSequencer (423)
[2022.12.11-18.57.40:121][157]LogModuleManager: Shutting down and abandoning module GeometryCache (420)
[2022.12.11-18.57.40:121][157]LogModuleManager: Shutting down and abandoning module GeometryCacheEd (419)
[2022.12.11-18.57.40:121][157]LogModuleManager: Shutting down and abandoning module TemplateSequence (416)
[2022.12.11-18.57.40:121][157]LogModuleManager: Shutting down and abandoning module ChaosNiagara (414)
[2022.12.11-18.57.40:121][157]LogModuleManager: Shutting down and abandoning module FieldSystemEngine (413)
[2022.12.11-18.57.40:121][157]LogModuleManager: Shutting down and abandoning module BackChannel (410)
[2022.12.11-18.57.40:121][157]LogModuleManager: Shutting down and abandoning module AutomationUtils (408)
[2022.12.11-18.57.40:122][157]LogModuleManager: Shutting down and abandoning module MediaCompositing (406)
[2022.12.11-18.57.40:122][157]LogModuleManager: Shutting down and abandoning module ImgMedia (404)
[2022.12.11-18.57.40:122][157]LogModuleManager: Shutting down and abandoning module LiveLinkSequencer (402)
[2022.12.11-18.57.40:122][157]LogModuleManager: Shutting down and abandoning module LiveLinkMovieScene (400)
[2022.12.11-18.57.40:122][157]LogModuleManager: Shutting down and abandoning module LiveLinkGraphNode (398)
[2022.12.11-18.57.40:122][157]LogModuleManager: Shutting down and abandoning module LiveLinkComponents (396)
[2022.12.11-18.57.40:122][157]LogModuleManager: Shutting down and abandoning module LiveLink (394)
[2022.12.11-18.57.40:162][157]LogModuleManager: Shutting down and abandoning module MagicLeapSharedWorld (392)
[2022.12.11-18.57.40:163][157]LogModuleManager: Shutting down and abandoning module MagicLeapLightEstimation (390)
[2022.12.11-18.57.40:163][157]LogModuleManager: Shutting down and abandoning module MagicLeapHelperVulkan (388)
[2022.12.11-18.57.40:163][157]LogModuleManager: Shutting down and abandoning module MagicLeapHelperOpenGL (386)
[2022.12.11-18.57.40:163][157]LogModuleManager: Shutting down and abandoning module MagicLeapAudio (384)
[2022.12.11-18.57.40:163][157]LogModuleManager: Shutting down and abandoning module VisualStudioSourceCodeAccess (382)
[2022.12.11-18.57.40:163][157]LogModuleManager: Shutting down and abandoning module HotReload (381)
[2022.12.11-18.57.40:163][157]LogModuleManager: Shutting down and abandoning module VisualStudioCodeSourceCodeAccess (378)
[2022.12.11-18.57.40:163][157]LogModuleManager: Shutting down and abandoning module UObjectPlugin (376)
[2022.12.11-18.57.40:163][157]LogModuleManager: Shutting down and abandoning module SubversionSourceControl (374)
[2022.12.11-18.57.40:163][157]LogModuleManager: Shutting down and abandoning module PerforceSourceControl (372)
[2022.12.11-18.57.40:163][157]LogModuleManager: Shutting down and abandoning module SourceControl (371)
[2022.12.11-18.57.40:163][157]LogModuleManager: Shutting down and abandoning module OodleNetworkHandlerComponent (368)
[2022.12.11-18.57.40:163][157]LogModuleManager: Shutting down and abandoning module CLionSourceCodeAccess (366)
[2022.12.11-18.57.40:163][157]LogModuleManager: Shutting down and abandoning module SignificanceManager (364)
[2022.12.11-18.57.40:163][157]LogModuleManager: Shutting down and abandoning module SoundFields (362)
[2022.12.11-18.57.40:163][157]LogModuleManager: Shutting down and abandoning module RuntimePhysXCooking (360)
[2022.12.11-18.57.40:163][157]LogModuleManager: Shutting down and abandoning module PropertyAccessEditor (358)
[2022.12.11-18.57.40:163][157]LogModuleManager: Shutting down and abandoning module PhysXVehiclesEditor (356)
[2022.12.11-18.57.40:163][157]LogModuleManager: Shutting down and abandoning module LocationServicesBPLibrary (352)
[2022.12.11-18.57.40:163][157]LogModuleManager: Shutting down and abandoning module AudioSynesthesia (350)
[2022.12.11-18.57.40:163][157]LogModuleManager: Shutting down and abandoning module AudioSynesthesiaCore (348)
[2022.12.11-18.57.40:163][157]LogModuleManager: Shutting down and abandoning module PythonScriptPlugin (346)
[2022.12.11-18.57.40:163][157]LogModuleManager: Shutting down and abandoning module ActorSequence (344)
[2022.12.11-18.57.40:163][157]LogModuleManager: Shutting down and abandoning module UdpMessaging (342)
[2022.12.11-18.57.40:264][157]LogModuleManager: Shutting down and abandoning module TcpMessaging (340)
[2022.12.11-18.57.40:763][157]LogModuleManager: Shutting down and abandoning module ImgMediaEngine (338)
[2022.12.11-18.57.40:763][157]LogModuleManager: Shutting down and abandoning module MagicLeapARPin (336)
[2022.12.11-18.57.40:763][157]LogModuleManager: Shutting down and abandoning module MagicLeapHandMeshing (334)
[2022.12.11-18.57.40:763][157]LogModuleManager: Shutting down and abandoning module MagicLeapSecureStorage (332)
[2022.12.11-18.57.40:764][157]LogModuleManager: Shutting down and abandoning module MagicLeapPrivileges (330)
[2022.12.11-18.57.40:764][157]LogModuleManager: Shutting down and abandoning module MagicLeapPlanes (328)
[2022.12.11-18.57.40:764][157]LogMagicLeapPlanes: Planes tracker already destroyed.
[2022.12.11-18.57.40:764][157]LogModuleManager: Shutting down and abandoning module MagicLeapImageTracker (326)
[2022.12.11-18.57.40:764][157]LogModuleManager: Shutting down and abandoning module MagicLeapIdentity (324)
[2022.12.11-18.57.40:764][157]LogModuleManager: Shutting down and abandoning module MagicLeapHandTracking (322)
[2022.12.11-18.57.40:764][157]LogModuleManager: Shutting down and abandoning module MagicLeapEyeTracker (320)
[2022.12.11-18.57.40:764][157]LogModuleManager: Shutting down and abandoning module MagicLeapController (318)
[2022.12.11-18.57.40:764][157]LogModuleManager: Shutting down and abandoning module MagicLeapARPinImpl (316)
[2022.12.11-18.57.40:764][157]LogModuleManager: Shutting down and abandoning module MagicLeapAR (314)
[2022.12.11-18.57.40:764][157]LogModuleManager: Shutting down and abandoning module NiagaraAnimNotifies (312)
[2022.12.11-18.57.40:764][157]LogModuleManager: Shutting down and abandoning module Niagara (310)
[2022.12.11-18.57.40:764][157]LogModuleManager: Shutting down and abandoning module SignalProcessing (309)
[2022.12.11-18.57.40:764][157]LogModuleManager: Shutting down and abandoning module NiagaraEditor (307)
[2022.12.11-18.57.40:764][157]LogModuleManager: Shutting down and abandoning module ContentBrowser (306)
[2022.12.11-18.57.40:764][157]LogModuleManager: Shutting down and abandoning module CollectionManager (305)
[2022.12.11-18.57.40:764][157]LogModuleManager: Shutting down and abandoning module DirectoryWatcher (304)
[2022.12.11-18.57.40:764][157]LogModuleManager: Shutting down and abandoning module ContentBrowserData (301)
[2022.12.11-18.57.40:764][157]LogModuleManager: Shutting down and abandoning module NiagaraCore (296)
[2022.12.11-18.57.40:764][157]LogModuleManager: Shutting down and abandoning module GameplayTagsEditor (294)
[2022.12.11-18.57.40:764][157]LogModuleManager: Shutting down and abandoning module FacialAnimation (292)
[2022.12.11-18.57.40:764][157]LogModuleManager: Shutting down and abandoning module PropertyAccessNode (290)
[2022.12.11-18.57.40:764][157]LogModuleManager: Shutting down and abandoning module AssetManagerEditor (288)
[2022.12.11-18.57.40:764][157]LogModuleManager: Shutting down and abandoning module TreeMap (287)
[2022.12.11-18.57.40:764][157]LogModuleManager: Shutting down and abandoning module AnimationSharing (284)
[2022.12.11-18.57.40:764][157]LogModuleManager: Shutting down and abandoning module EnvironmentQueryEditor (282)
[2022.12.11-18.57.40:764][157]LogModuleManager: Shutting down and abandoning module GameplayCameras (280)
[2022.12.11-18.57.40:764][157]LogModuleManager: Shutting down and abandoning module LightPropagationVolumeRuntime (278)
[2022.12.11-18.57.40:764][157]LogModuleManager: Shutting down and abandoning module Paper2D (276)
[2022.12.11-18.57.40:764][157]LogModuleManager: Shutting down and abandoning module WindowsMoviePlayer (274)
[2022.12.11-18.57.40:765][157]LogModuleManager: Shutting down and abandoning module WebMMoviePlayer (272)
[2022.12.11-18.57.40:765][157]LogModuleManager: Shutting down and abandoning module NetworkReplayStreaming (270)
[2022.12.11-18.57.40:765][157]LogModuleManager: Shutting down and abandoning module PacketHandler (268)
[2022.12.11-18.57.40:765][157]LogModuleManager: Shutting down and abandoning module ClothingSystemEditor (266)
[2022.12.11-18.57.40:765][157]LogModuleManager: Shutting down and abandoning module ClothingSystemRuntimeNv (264)
[2022.12.11-18.57.40:765][157]LogModuleManager: Shutting down and abandoning module MediaAssets (262)
[2022.12.11-18.57.40:765][157]LogModuleManager: Shutting down and abandoning module Overlay (260)
[2022.12.11-18.57.40:765][157]LogModuleManager: Shutting down and abandoning module OverlayEditor (259)
[2022.12.11-18.57.40:765][157]LogModuleManager: Shutting down and abandoning module VREditor (256)
[2022.12.11-18.57.40:765][157]LogModuleManager: Shutting down and abandoning module StringTableEditor (254)
[2022.12.11-18.57.40:765][157]LogModuleManager: Shutting down and abandoning module GameplayTasksEditor (252)
[2022.12.11-18.57.40:765][157]LogModuleManager: Shutting down and abandoning module BehaviorTreeEditor (250)
[2022.12.11-18.57.40:765][157]LogModuleManager: Shutting down and abandoning module FunctionalTesting (248)
[2022.12.11-18.57.40:765][157]LogModuleManager: Shutting down and abandoning module CollisionAnalyzer (246)
[2022.12.11-18.57.40:765][157]LogModuleManager: Shutting down and abandoning module WorkspaceMenuStructure (245)
[2022.12.11-18.57.40:765][157]LogModuleManager: Shutting down and abandoning module UMG (242)
[2022.12.11-18.57.40:765][157]LogModuleManager: Shutting down and abandoning module UMGEditor (241)
[2022.12.11-18.57.40:765][157]LogModuleManager: Shutting down and abandoning module Sequencer (240)
[2022.12.11-18.57.40:765][157]LogModuleManager: Shutting down and abandoning module MessageLog (237)
[2022.12.11-18.57.40:777][157]LogModuleManager: Shutting down and abandoning module SlateReflector (232)
[2022.12.11-18.57.40:777][157]LogModuleManager: Shutting down and abandoning module Slate (230)
[2022.12.11-18.57.40:777][157]LogModuleManager: Shutting down and abandoning module SlateCore (228)
[2022.12.11-18.57.40:778][157]LogModuleManager: Shutting down and abandoning module LandscapeEditorUtilities (226)
[2022.12.11-18.57.40:778][157]LogModuleManager: Shutting down and abandoning module UnrealEd (224)
[2022.12.11-18.57.40:778][157]LogModuleManager: Shutting down and abandoning module MRMesh (222)
[2022.12.11-18.57.40:778][157]LogModuleManager: Shutting down and abandoning module Messaging (220)
[2022.12.11-18.57.40:778][157]LogModuleManager: Shutting down and abandoning module SourceCodeAccess (218)
[2022.12.11-18.57.40:778][157]LogModuleManager: Shutting down and abandoning module HeadMountedDisplay (216)
[2022.12.11-18.57.40:778][157]LogModuleManager: Shutting down and abandoning module XAudio2 (214)
[2022.12.11-18.57.40:778][157]LogModuleManager: Shutting down and abandoning module Networking (212)
[2022.12.11-18.57.40:778][157]LogModuleManager: Shutting down and abandoning module Core (210)
[2022.12.11-18.57.40:778][157]LogModuleManager: Shutting down and abandoning module MaterialEditor (208)
[2022.12.11-18.57.40:778][157]LogModuleManager: Shutting down and abandoning module MovieSceneTools (206)
[2022.12.11-18.57.40:778][157]LogModuleManager: Shutting down and abandoning module EditorStyle (205)
[2022.12.11-18.57.40:778][157]LogModuleManager: Shutting down and abandoning module KismetCompiler (202)
[2022.12.11-18.57.40:778][157]LogModuleManager: Shutting down and abandoning module MeshBuilder (200)
[2022.12.11-18.57.40:778][157]LogModuleManager: Shutting down and abandoning module MeshUtilities (198)
[2022.12.11-18.57.40:778][157]LogModuleManager: Shutting down and abandoning module MeshMergeUtilities (197)
[2022.12.11-18.57.40:778][157]LogModuleManager: Shutting down and abandoning module MeshReductionInterface (196)
[2022.12.11-18.57.40:778][157]LogModuleManager: Shutting down and abandoning module MeshBoneReduction (195)
[2022.12.11-18.57.40:778][157]LogModuleManager: Shutting down and abandoning module SkeletalMeshReduction (193)
[2022.12.11-18.57.40:778][157]LogModuleManager: Shutting down and abandoning module ProxyLODMeshReduction (191)
[2022.12.11-18.57.40:778][157]LogModuleManager: Shutting down and abandoning module QuadricMeshReduction (189)
[2022.12.11-18.57.40:778][157]LogModuleManager: Shutting down and abandoning module MaterialBaking (185)
[2022.12.11-18.57.40:778][157]LogModuleManager: Shutting down and abandoning module NullInstallBundleManager (180)
[2022.12.11-18.57.40:778][157]LogModuleManager: Shutting down and abandoning module PIEPreviewDeviceProfileSelector (178)
[2022.12.11-18.57.40:778][157]LogModuleManager: Shutting down and abandoning module DerivedDataCache (176)
[2022.12.11-18.57.40:778][157]LogModuleManager: Shutting down and abandoning module TargetPlatform (174)
[2022.12.11-18.57.40:778][157]LogModuleManager: Shutting down and abandoning module VulkanShaderFormat (173)
[2022.12.11-18.57.40:779][157]LogModuleManager: Shutting down and abandoning module ShaderFormatVectorVM (171)
[2022.12.11-18.57.40:779][157]LogModuleManager: Shutting down and abandoning module ShaderFormatOpenGL (169)
[2022.12.11-18.57.40:779][157]LogModuleManager: Shutting down and abandoning module ShaderFormatD3D (167)
[2022.12.11-18.57.40:779][157]LogModuleManager: Shutting down and abandoning module MetalShaderFormat (165)
[2022.12.11-18.57.40:779][157]LogModuleManager: Shutting down and abandoning module TextureFormatOodle (163)
[2022.12.11-18.57.40:779][157]LogModuleManager: Shutting down and abandoning module TextureFormatUncompressed (161)
[2022.12.11-18.57.40:779][157]LogModuleManager: Shutting down and abandoning module TextureFormatPVR (159)
[2022.12.11-18.57.40:779][157]LogModuleManager: Shutting down and abandoning module TextureFormatETC2 (157)
[2022.12.11-18.57.40:779][157]LogModuleManager: Shutting down and abandoning module TextureFormatDXT (155)
[2022.12.11-18.57.40:779][157]LogModuleManager: Shutting down and abandoning module TextureFormatIntelISPCTexComp (153)
[2022.12.11-18.57.40:779][157]LogModuleManager: Shutting down and abandoning module TextureFormatASTC (151)
[2022.12.11-18.57.40:779][157]LogModuleManager: Shutting down and abandoning module ImageWrapper (150)
[2022.12.11-18.57.40:779][157]LogModuleManager: Shutting down and abandoning module AudioFormatOpus (147)
[2022.12.11-18.57.40:779][157]LogModuleManager: Shutting down and abandoning module AudioFormatOgg (145)
[2022.12.11-18.57.40:779][157]LogModuleManager: Shutting down and abandoning module AudioFormatADPCM (143)
[2022.12.11-18.57.40:779][157]LogModuleManager: Shutting down and abandoning module WindowsServerTargetPlatform (141)
[2022.12.11-18.57.40:779][157]LogModuleManager: Shutting down and abandoning module WindowsClientTargetPlatform (139)
[2022.12.11-18.57.40:779][157]LogModuleManager: Shutting down and abandoning module WindowsTargetPlatform (137)
[2022.12.11-18.57.40:779][157]LogModuleManager: Shutting down and abandoning module WindowsNoEditorTargetPlatform (135)
[2022.12.11-18.57.40:779][157]LogModuleManager: Shutting down and abandoning module D3D11RHI (132)
[2022.12.11-18.57.40:779][157]LogModuleManager: Shutting down and abandoning module InputCore (130)
[2022.12.11-18.57.40:779][157]LogModuleManager: Shutting down and abandoning module Settings (128)
[2022.12.11-18.57.40:779][157]LogModuleManager: Shutting down and abandoning module PhysXCooking (126)
[2022.12.11-18.57.40:779][157]LogModuleManager: Shutting down and abandoning module Chaos (124)
[2022.12.11-18.57.40:779][157]LogModuleManager: Shutting down and abandoning module WindowsPlatformFeatures (122)
[2022.12.11-18.57.40:779][157]LogModuleManager: Shutting down and abandoning module GameplayMediaEncoder (121)
[2022.12.11-18.57.40:779][157]LogModuleManager: Shutting down and abandoning module AVEncoder (120)
[2022.12.11-18.57.40:779][157]LogModuleManager: Shutting down and abandoning module SteamVRInputDevice (116)
[2022.12.11-18.57.40:779][157]LogModuleManager: Shutting down and abandoning module SteamVRInput (114)
[2022.12.11-18.57.40:779][157]LogModuleManager: Shutting down and abandoning module SteamVR (112)
[2022.12.11-18.57.40:779][157]LogHMD: Freeing OpenVRDLLHandle.
[2022.12.11-18.57.40:779][157]LogModuleManager: Shutting down and abandoning module OculusHMD (110)
[2022.12.11-18.57.40:779][157]LogModuleManager: Shutting down and abandoning module OpenXRHandTracking (108)
[2022.12.11-18.57.40:779][157]LogSlate: Slate User Destroyed.  User Index 0, Is Virtual User: 0
[2022.12.11-18.57.40:779][157]LogModuleManager: Shutting down and abandoning module OpenXREyeTracker (106)
[2022.12.11-18.57.40:779][157]LogModuleManager: Shutting down and abandoning module OpenXRAR (104)
[2022.12.11-18.57.40:779][157]LogModuleManager: Shutting down and abandoning module AugmentedReality (103)
[2022.12.11-18.57.40:779][157]LogModuleManager: Shutting down and abandoning module OpenXRHMD (100)
[2022.12.11-18.57.40:779][157]LogModuleManager: Shutting down and abandoning module ExampleDeviceProfileSelector (98)
[2022.12.11-18.57.40:779][157]LogModuleManager: Shutting down and abandoning module ChunkDownloader (96)
[2022.12.11-18.57.40:779][157]LogModuleManager: Shutting down and abandoning module LauncherChunkInstaller (94)
[2022.12.11-18.57.40:779][157]LogModuleManager: Shutting down and abandoning module OnlineBlueprintSupport (92)
[2022.12.11-18.57.40:779][157]LogModuleManager: Shutting down and abandoning module OnlineSubsystem (88)
[2022.12.11-18.57.40:780][157]LogModuleManager: Shutting down and abandoning module XMPP (83)
[2022.12.11-18.57.40:780][157]LogModuleManager: Shutting down and abandoning module WebSockets (82)
[2022.12.11-18.57.40:790][157]LogModuleManager: Shutting down and abandoning module HTTP (79)
[2022.12.11-18.57.40:790][157]LogHttp: Display: cleaning up 0 outstanding Http requests.
[2022.12.11-18.57.40:822][157]LogModuleManager: Shutting down and abandoning module SSL (78)
[2022.12.11-18.57.40:823][157]LogModuleManager: Shutting down and abandoning module ChaosCloth (74)
[2022.12.11-18.57.40:823][157]LogModuleManager: Shutting down and abandoning module WmfMedia (72)
[2022.12.11-18.57.40:826][157]LogModuleManager: Shutting down and abandoning module Media (71)
[2022.12.11-18.57.40:826][157]LogModuleManager: Shutting down and abandoning module MediaInfo (70)
[2022.12.11-18.57.40:826][157]LogModuleManager: Shutting down and abandoning module ExrReaderGpu (66)
[2022.12.11-18.57.40:826][157]LogModuleManager: Shutting down and abandoning module MLSDK (64)
[2022.12.11-18.57.40:826][157]LogModuleManager: Shutting down and abandoning module MagicLeap (62)
[2022.12.11-18.57.40:826][157]LogModuleManager: Shutting down and abandoning module NiagaraVertexFactories (60)
[2022.12.11-18.57.40:826][157]LogModuleManager: Shutting down and abandoning module NiagaraShader (58)
[2022.12.11-18.57.40:826][157]LogModuleManager: Shutting down and abandoning module VariantManagerContent (56)
[2022.12.11-18.57.40:826][157]LogModuleManager: Shutting down and abandoning module PixWinPlugin (54)
[2022.12.11-18.57.40:826][157]LogModuleManager: Shutting down and abandoning module DatasmithContent (52)
[2022.12.11-18.57.40:827][157]LogModuleManager: Shutting down and abandoning module AISupportModule (50)
[2022.12.11-18.57.40:827][157]LogModuleManager: Shutting down and abandoning module DesktopPlatform (48)
[2022.12.11-18.57.40:827][157]LogModuleManager: Shutting down and abandoning module PythonScriptPluginPreload (46)
[2022.12.11-18.57.40:827][157]LogModuleManager: Shutting down and abandoning module PlatformCryptoOpenSSL (44)
[2022.12.11-18.57.40:827][157]LogModuleManager: Shutting down and abandoning module PlatformCryptoTypes (42)
[2022.12.11-18.57.40:827][157]LogModuleManager: Shutting down and abandoning module PlatformCrypto (40)
[2022.12.11-18.57.40:827][157]LogModuleManager: Shutting down and abandoning module OodleDataCompressionFormat (38)
[2022.12.11-18.57.40:827][157]LogModuleManager: Shutting down and abandoning module XGEController (36)
[2022.12.11-18.57.40:827][157]LogModuleManager: Shutting down and abandoning module AnimationModifiers (34)
[2022.12.11-18.57.40:827][157]LogModuleManager: Shutting down and abandoning module AudioEditor (32)
[2022.12.11-18.57.40:827][157]LogModuleManager: Shutting down and abandoning module PropertyEditor (31)
[2022.12.11-18.57.40:827][157]LogModuleManager: Shutting down and abandoning module TextureCompressor (28)
[2022.12.11-18.57.40:827][157]LogModuleManager: Shutting down and abandoning module RenderCore (26)
[2022.12.11-18.57.40:827][157]LogModuleManager: Shutting down and abandoning module Landscape (24)
[2022.12.11-18.57.40:827][157]LogModuleManager: Shutting down and abandoning module SlateRHIRenderer (22)
[2022.12.11-18.57.40:827][157]LogModuleManager: Shutting down and abandoning module AnimGraphRuntime (20)
[2022.12.11-18.57.40:827][157]LogModuleManager: Shutting down and abandoning module Renderer (18)
[2022.12.11-18.57.40:827][157]LogModuleManager: Shutting down and abandoning module Engine (16)
[2022.12.11-18.57.40:827][157]LogModuleManager: Shutting down and abandoning module CoreUObject (14)
[2022.12.11-18.57.40:827][157]LogModuleManager: Shutting down and abandoning module NetworkFile (12)
[2022.12.11-18.57.40:827][157]LogModuleManager: Shutting down and abandoning module CookedIterativeFile (10)
[2022.12.11-18.57.40:827][157]LogModuleManager: Shutting down and abandoning module StreamingFile (8)
[2022.12.11-18.57.40:827][157]LogModuleManager: Shutting down and abandoning module SandboxFile (6)
[2022.12.11-18.57.40:827][157]LogModuleManager: Shutting down and abandoning module PakFile (4)
[2022.12.11-18.57.40:827][157]LogModuleManager: Shutting down and abandoning module RSA (3)
[2022.12.11-18.57.41:157][157]LogContentStreaming: Display: There are 1 unreleased StreamingManagers
[2022.12.11-18.57.41:164][157]LogD3D11RHI: Shutdown
[2022.12.11-18.57.41:164][157]LogD3D11RHI: CleanupD3DDevice
[2022.12.11-18.57.41:176][157]LogExit: Exiting.
[2022.12.11-18.57.41:182][157]Log file closed, 12/12/22 01:57:41
